[36mconnect            |[0m [2020-09-14 10:00:09,172] INFO WorkerSourceTask{id=source_kafka-0} Committing offsets (org.apache.kafka.connect.runtime.WorkerSourceTask)
[36mconnect            |[0m [2020-09-14 10:00:09,172] INFO WorkerSourceTask{id=source_kafka-0} flushing 0 outstanding messages for offset commit (org.apache.kafka.connect.runtime.WorkerSourceTask)
[36mconnect            |[0m [2020-09-14 10:00:19,172] INFO WorkerSourceTask{id=source_kafka-0} Committing offsets (org.apache.kafka.connect.runtime.WorkerSourceTask)
[36mconnect            |[0m [2020-09-14 10:00:19,173] INFO WorkerSourceTask{id=source_kafka-0} flushing 0 outstanding messages for offset commit (org.apache.kafka.connect.runtime.WorkerSourceTask)
[36mconnect            |[0m [2020-09-14 10:00:29,173] INFO WorkerSourceTask{id=source_kafka-0} Committing offsets (org.apache.kafka.connect.runtime.WorkerSourceTask)
[36mconnect            |[0m [2020-09-14 10:00:29,173] INFO WorkerSourceTask{id=source_kafka-0} flushing 0 outstanding messages for offset commit (org.apache.kafka.connect.runtime.WorkerSourceTask)
[36mconnect            |[0m [2020-09-14 10:00:39,174] INFO WorkerSourceTask{id=source_kafka-0} Committing offsets (org.apache.kafka.connect.runtime.WorkerSourceTask)
[36mconnect            |[0m [2020-09-14 10:00:39,174] INFO WorkerSourceTask{id=source_kafka-0} flushing 0 outstanding messages for offset commit (org.apache.kafka.connect.runtime.WorkerSourceTask)
[36mconnect            |[0m [2020-09-14 10:00:49,175] INFO WorkerSourceTask{id=source_kafka-0} Committing offsets (org.apache.kafka.connect.runtime.WorkerSourceTask)
[36mconnect            |[0m [2020-09-14 10:00:49,176] INFO WorkerSourceTask{id=source_kafka-0} flushing 0 outstanding messages for offset commit (org.apache.kafka.connect.runtime.WorkerSourceTask)
[36mconnect            |[0m [2020-09-14 10:00:59,177] INFO WorkerSourceTask{id=source_kafka-0} Committing offsets (org.apache.kafka.connect.runtime.WorkerSourceTask)
[36mconnect            |[0m [2020-09-14 10:00:59,177] INFO WorkerSourceTask{id=source_kafka-0} flushing 0 outstanding messages for offset commit (org.apache.kafka.connect.runtime.WorkerSourceTask)
[36mconnect            |[0m [2020-09-14 10:01:09,178] INFO WorkerSourceTask{id=source_kafka-0} Committing offsets (org.apache.kafka.connect.runtime.WorkerSourceTask)
[36mconnect            |[0m [2020-09-14 10:01:09,178] INFO WorkerSourceTask{id=source_kafka-0} flushing 0 outstanding messages for offset commit (org.apache.kafka.connect.runtime.WorkerSourceTask)
[36mconnect            |[0m [2020-09-14 10:01:19,180] INFO WorkerSourceTask{id=source_kafka-0} Committing offsets (org.apache.kafka.connect.runtime.WorkerSourceTask)
[36mconnect            |[0m [2020-09-14 10:01:19,180] INFO WorkerSourceTask{id=source_kafka-0} flushing 0 outstanding messages for offset commit (org.apache.kafka.connect.runtime.WorkerSourceTask)
[36mconnect            |[0m [2020-09-14 10:01:29,180] INFO WorkerSourceTask{id=source_kafka-0} Committing offsets (org.apache.kafka.connect.runtime.WorkerSourceTask)
[36mconnect            |[0m [2020-09-14 10:01:29,180] INFO WorkerSourceTask{id=source_kafka-0} flushing 0 outstanding messages for offset commit (org.apache.kafka.connect.runtime.WorkerSourceTask)
[36mconnect            |[0m [2020-09-14 10:01:39,181] INFO WorkerSourceTask{id=source_kafka-0} Committing offsets (org.apache.kafka.connect.runtime.WorkerSourceTask)
[36mconnect            |[0m [2020-09-14 10:01:39,181] INFO WorkerSourceTask{id=source_kafka-0} flushing 0 outstanding messages for offset commit (org.apache.kafka.connect.runtime.WorkerSourceTask)
[36mconnect            |[0m [2020-09-14 10:01:49,182] INFO WorkerSourceTask{id=source_kafka-0} Committing offsets (org.apache.kafka.connect.runtime.WorkerSourceTask)
[36mconnect            |[0m [2020-09-14 10:01:49,182] INFO WorkerSourceTask{id=source_kafka-0} flushing 0 outstanding messages for offset commit (org.apache.kafka.connect.runtime.WorkerSourceTask)
[36mconnect            |[0m [2020-09-14 10:01:59,182] INFO WorkerSourceTask{id=source_kafka-0} Committing offsets (org.apache.kafka.connect.runtime.WorkerSourceTask)
[36mconnect            |[0m [2020-09-14 10:01:59,182] INFO WorkerSourceTask{id=source_kafka-0} flushing 0 outstanding messages for offset commit (org.apache.kafka.connect.runtime.WorkerSourceTask)
[36mconnect            |[0m [2020-09-14 10:02:09,183] INFO WorkerSourceTask{id=source_kafka-0} Committing offsets (org.apache.kafka.connect.runtime.WorkerSourceTask)
[36mconnect            |[0m [2020-09-14 10:02:09,183] INFO WorkerSourceTask{id=source_kafka-0} flushing 0 outstanding messages for offset commit (org.apache.kafka.connect.runtime.WorkerSourceTask)
[36mconnect            |[0m [2020-09-14 10:02:19,183] INFO WorkerSourceTask{id=source_kafka-0} Committing offsets (org.apache.kafka.connect.runtime.WorkerSourceTask)
[36mconnect            |[0m [2020-09-14 10:02:19,183] INFO WorkerSourceTask{id=source_kafka-0} flushing 0 outstanding messages for offset commit (org.apache.kafka.connect.runtime.WorkerSourceTask)
[36mconnect            |[0m [2020-09-14 10:02:29,184] INFO WorkerSourceTask{id=source_kafka-0} Committing offsets (org.apache.kafka.connect.runtime.WorkerSourceTask)
[36mconnect            |[0m [2020-09-14 10:02:29,184] INFO WorkerSourceTask{id=source_kafka-0} flushing 0 outstanding messages for offset commit (org.apache.kafka.connect.runtime.WorkerSourceTask)
[36mconnect            |[0m [2020-09-14 10:02:39,185] INFO WorkerSourceTask{id=source_kafka-0} Committing offsets (org.apache.kafka.connect.runtime.WorkerSourceTask)
[36mconnect            |[0m [2020-09-14 10:02:39,186] INFO WorkerSourceTask{id=source_kafka-0} flushing 0 outstanding messages for offset commit (org.apache.kafka.connect.runtime.WorkerSourceTask)
[36mconnect            |[0m [2020-09-14 10:02:49,186] INFO WorkerSourceTask{id=source_kafka-0} Committing offsets (org.apache.kafka.connect.runtime.WorkerSourceTask)
[36mconnect            |[0m [2020-09-14 10:02:49,186] INFO WorkerSourceTask{id=source_kafka-0} flushing 0 outstanding messages for offset commit (org.apache.kafka.connect.runtime.WorkerSourceTask)
[36mconnect            |[0m [2020-09-14 10:02:59,187] INFO WorkerSourceTask{id=source_kafka-0} Committing offsets (org.apache.kafka.connect.runtime.WorkerSourceTask)
[36mconnect            |[0m [2020-09-14 10:02:59,187] INFO WorkerSourceTask{id=source_kafka-0} flushing 0 outstanding messages for offset commit (org.apache.kafka.connect.runtime.WorkerSourceTask)
[36mconnect            |[0m [2020-09-14 10:03:09,191] INFO WorkerSourceTask{id=source_kafka-0} Committing offsets (org.apache.kafka.connect.runtime.WorkerSourceTask)
[36mconnect            |[0m [2020-09-14 10:03:09,191] INFO WorkerSourceTask{id=source_kafka-0} flushing 0 outstanding messages for offset commit (org.apache.kafka.connect.runtime.WorkerSourceTask)
[36mconnect            |[0m [2020-09-14 10:03:19,191] INFO WorkerSourceTask{id=source_kafka-0} Committing offsets (org.apache.kafka.connect.runtime.WorkerSourceTask)
[36mconnect            |[0m [2020-09-14 10:03:19,191] INFO WorkerSourceTask{id=source_kafka-0} flushing 0 outstanding messages for offset commit (org.apache.kafka.connect.runtime.WorkerSourceTask)
[36mconnect            |[0m [2020-09-14 10:03:21,357] INFO Successfully processed removal of connector 'mongos_45' (org.apache.kafka.connect.storage.KafkaConfigBackingStore)
[36mconnect            |[0m [2020-09-14 10:03:21,357] INFO [Worker clientId=connect-1, groupId=compose-connect-group] Connector mongos_45 config removed (org.apache.kafka.connect.runtime.distributed.DistributedHerder)
[36mconnect            |[0m [2020-09-14 10:03:21,358] INFO [Worker clientId=connect-1, groupId=compose-connect-group] Handling connector-only config update by stopping connector mongos_45 (org.apache.kafka.connect.runtime.distributed.DistributedHerder)
[36mconnect            |[0m [2020-09-14 10:03:21,358] INFO Stopping connector mongos_45 (org.apache.kafka.connect.runtime.Worker)
[36mconnect            |[0m [2020-09-14 10:03:21,364] INFO Stopped connector mongos_45 (org.apache.kafka.connect.runtime.Worker)
[36mconnect            |[0m [2020-09-14 10:03:21,364] INFO [Worker clientId=connect-1, groupId=compose-connect-group] Rebalance started (org.apache.kafka.connect.runtime.distributed.WorkerCoordinator)
[36mconnect            |[0m [2020-09-14 10:03:21,364] INFO [Worker clientId=connect-1, groupId=compose-connect-group] (Re-)joining group (org.apache.kafka.clients.consumer.internals.AbstractCoordinator)
[36mconnect            |[0m [2020-09-14 10:03:21,372] INFO [Worker clientId=connect-1, groupId=compose-connect-group] Successfully joined group with generation 31 (org.apache.kafka.clients.consumer.internals.AbstractCoordinator)
[36mconnect            |[0m [2020-09-14 10:03:21,372] INFO Stopping connector mongos_45 (org.apache.kafka.connect.runtime.Worker)
[36mconnect            |[0m [2020-09-14 10:03:21,372] WARN Ignoring stop request for unowned connector mongos_45 (org.apache.kafka.connect.runtime.Worker)
[36mconnect            |[0m [2020-09-14 10:03:21,372] INFO Stopping task mongos_45-0 (org.apache.kafka.connect.runtime.Worker)
[36mconnect            |[0m [2020-09-14 10:03:21,373] INFO [Worker clientId=connect-1, groupId=compose-connect-group] Finished stopping tasks in preparation for rebalance (org.apache.kafka.connect.runtime.distributed.DistributedHerder)
[36mconnect            |[0m [2020-09-14 10:03:21,377] INFO [Worker clientId=connect-1, groupId=compose-connect-group] Finished flushing status backing store in preparation for rebalance (org.apache.kafka.connect.runtime.distributed.DistributedHerder)
[36mconnect            |[0m [2020-09-14 10:03:21,378] INFO [Worker clientId=connect-1, groupId=compose-connect-group] Joined group at generation 31 with protocol version 2 and got assignment: Assignment{error=0, leader='connect-1-2e0b2ec4-b7bb-4bb5-91e1-1149bb91de40', leaderUrl='http://connect:8083/', offset=43, connectorIds=[mongos_35, mongos_3, source_kafka], taskIds=[mongos_35-0, mongos_3-0, source_kafka-0], revokedConnectorIds=[mongos_45], revokedTaskIds=[mongos_45-0], delay=0} with rebalance delay: 0 (org.apache.kafka.connect.runtime.distributed.DistributedHerder)
[36mconnect            |[0m [2020-09-14 10:03:21,378] INFO [Worker clientId=connect-1, groupId=compose-connect-group] Starting connectors and tasks using config offset 43 (org.apache.kafka.connect.runtime.distributed.DistributedHerder)
[36mconnect            |[0m [2020-09-14 10:03:21,378] INFO [Worker clientId=connect-1, groupId=compose-connect-group] Finished starting connectors and tasks (org.apache.kafka.connect.runtime.distributed.DistributedHerder)
[36mconnect            |[0m [2020-09-14 10:03:21,378] INFO [Worker clientId=connect-1, groupId=compose-connect-group] Rebalance started (org.apache.kafka.connect.runtime.distributed.WorkerCoordinator)
[36mconnect            |[0m [2020-09-14 10:03:21,379] INFO [Worker clientId=connect-1, groupId=compose-connect-group] (Re-)joining group (org.apache.kafka.clients.consumer.internals.AbstractCoordinator)
[36mconnect            |[0m [2020-09-14 10:03:21,389] INFO [Worker clientId=connect-1, groupId=compose-connect-group] Successfully joined group with generation 32 (org.apache.kafka.clients.consumer.internals.AbstractCoordinator)
[36mconnect            |[0m [2020-09-14 10:03:21,389] INFO [Worker clientId=connect-1, groupId=compose-connect-group] Joined group at generation 32 with protocol version 2 and got assignment: Assignment{error=0, leader='connect-1-2e0b2ec4-b7bb-4bb5-91e1-1149bb91de40', leaderUrl='http://connect:8083/', offset=43, connectorIds=[mongos_35, mongos_3, source_kafka], taskIds=[mongos_35-0, mongos_3-0, source_kafka-0], revokedConnectorIds=[], revokedTaskIds=[], delay=0} with rebalance delay: 0 (org.apache.kafka.connect.runtime.distributed.DistributedHerder)
[36mconnect            |[0m [2020-09-14 10:03:21,390] INFO [Worker clientId=connect-1, groupId=compose-connect-group] Starting connectors and tasks using config offset 43 (org.apache.kafka.connect.runtime.distributed.DistributedHerder)
[36mconnect            |[0m [2020-09-14 10:03:21,390] INFO [Worker clientId=connect-1, groupId=compose-connect-group] Finished starting connectors and tasks (org.apache.kafka.connect.runtime.distributed.DistributedHerder)
[36mconnect            |[0m [2020-09-14 10:03:27,650] INFO AbstractConfig values: 
[36mconnect            |[0m [2020-09-14 10:03:29,191] INFO WorkerSourceTask{id=source_kafka-0} Committing offsets (org.apache.kafka.connect.runtime.WorkerSourceTask)
[36mconnect            |[0m [2020-09-14 10:03:29,191] INFO WorkerSourceTask{id=source_kafka-0} flushing 0 outstanding messages for offset commit (org.apache.kafka.connect.runtime.WorkerSourceTask)
[36mconnect            |[0m [2020-09-14 10:03:39,194] INFO WorkerSourceTask{id=source_kafka-0} Committing offsets (org.apache.kafka.connect.runtime.WorkerSourceTask)
[36mconnect            |[0m [2020-09-14 10:03:39,194] INFO WorkerSourceTask{id=source_kafka-0} flushing 0 outstanding messages for offset commit (org.apache.kafka.connect.runtime.WorkerSourceTask)
[36mconnect            |[0m [2020-09-14 10:03:49,194] INFO WorkerSourceTask{id=source_kafka-0} Committing offsets (org.apache.kafka.connect.runtime.WorkerSourceTask)
[36mconnect            |[0m [2020-09-14 10:03:49,195] INFO WorkerSourceTask{id=source_kafka-0} flushing 0 outstanding messages for offset commit (org.apache.kafka.connect.runtime.WorkerSourceTask)
[36mconnect            |[0m [2020-09-14 10:03:59,195] INFO WorkerSourceTask{id=source_kafka-0} Committing offsets (org.apache.kafka.connect.runtime.WorkerSourceTask)
[36mconnect            |[0m [2020-09-14 10:03:59,195] INFO WorkerSourceTask{id=source_kafka-0} flushing 0 outstanding messages for offset commit (org.apache.kafka.connect.runtime.WorkerSourceTask)
[36mconnect            |[0m [2020-09-14 10:04:09,197] INFO WorkerSourceTask{id=source_kafka-0} Committing offsets (org.apache.kafka.connect.runtime.WorkerSourceTask)
[36mconnect            |[0m [2020-09-14 10:04:09,197] INFO WorkerSourceTask{id=source_kafka-0} flushing 0 outstanding messages for offset commit (org.apache.kafka.connect.runtime.WorkerSourceTask)
[36mconnect            |[0m [2020-09-14 10:04:18,562] INFO MongoSinkTopicConfig values: 
[36mconnect            |[0m [2020-09-14 10:04:18,569] INFO MongoSinkTopicConfig values: 
[36mconnect            |[0m [2020-09-14 10:04:18,572] INFO Cluster created with settings {hosts=[127.0.0.1:27017], srvHost=kafka.oa4fi.mongodb.net, mode=MULTIPLE, requiredClusterType=UNKNOWN, serverSelectionTimeout='30000 ms', maxWaitQueueSize=500} (org.mongodb.driver.cluster)
[36mconnect            |[0m [2020-09-14 10:04:18,586] INFO Adding discovered server kafka-shard-00-02.oa4fi.mongodb.net:27016 to client view of cluster (org.mongodb.driver.cluster)
[36mconnect            |[0m [2020-09-14 10:04:18,587] INFO Adding discovered server kafka-shard-01-02.oa4fi.mongodb.net:27016 to client view of cluster (org.mongodb.driver.cluster)
[36mconnect            |[0m [2020-09-14 10:04:18,587] INFO Adding discovered server kafka-shard-01-01.oa4fi.mongodb.net:27016 to client view of cluster (org.mongodb.driver.cluster)
[36mconnect            |[0m [2020-09-14 10:04:18,587] INFO Adding discovered server kafka-shard-01-00.oa4fi.mongodb.net:27016 to client view of cluster (org.mongodb.driver.cluster)
[36mconnect            |[0m [2020-09-14 10:04:18,588] INFO Adding discovered server kafka-shard-00-01.oa4fi.mongodb.net:27016 to client view of cluster (org.mongodb.driver.cluster)
[36mconnect            |[0m [2020-09-14 10:04:18,588] INFO Adding discovered server kafka-shard-00-00.oa4fi.mongodb.net:27016 to client view of cluster (org.mongodb.driver.cluster)
[36mconnect            |[0m [2020-09-14 10:04:18,829] INFO Opened connection [connectionId{localValue:386, serverValue:37262}] to kafka-shard-00-01.oa4fi.mongodb.net:27016 (org.mongodb.driver.connection)
[36mconnect            |[0m [2020-09-14 10:04:18,834] INFO Opened connection [connectionId{localValue:383, serverValue:38565}] to kafka-shard-00-02.oa4fi.mongodb.net:27016 (org.mongodb.driver.connection)
[36mconnect            |[0m [2020-09-14 10:04:18,837] INFO Opened connection [connectionId{localValue:388, serverValue:40358}] to kafka-shard-00-00.oa4fi.mongodb.net:27016 (org.mongodb.driver.connection)
[36mconnect            |[0m [2020-09-14 10:04:18,838] INFO Opened connection [connectionId{localValue:384, serverValue:38597}] to kafka-shard-01-01.oa4fi.mongodb.net:27016 (org.mongodb.driver.connection)
[36mconnect            |[0m [2020-09-14 10:04:18,851] INFO Opened connection [connectionId{localValue:385, serverValue:37171}] to kafka-shard-01-02.oa4fi.mongodb.net:27016 (org.mongodb.driver.connection)
[36mconnect            |[0m [2020-09-14 10:04:18,858] INFO Opened connection [connectionId{localValue:387, serverValue:38616}] to kafka-shard-01-00.oa4fi.mongodb.net:27016 (org.mongodb.driver.connection)
[36mconnect            |[0m [2020-09-14 10:04:18,870] INFO Monitor thread successfully connected to server with description ServerDescription{address=kafka-shard-00-01.oa4fi.mongodb.net:27016, type=SHARD_ROUTER, state=CONNECTED, ok=true, version=ServerVersion{versionList=[4, 2, 9]}, minWireVersion=0, maxWireVersion=8, maxDocumentSize=16777216, logicalSessionTimeoutMinutes=30, roundTripTimeNanos=40717018} (org.mongodb.driver.cluster)
[36mconnect            |[0m [2020-09-14 10:04:18,870] INFO Discovered cluster type of SHARDED (org.mongodb.driver.cluster)
[36mconnect            |[0m [2020-09-14 10:04:18,875] INFO Monitor thread successfully connected to server with description ServerDescription{address=kafka-shard-01-01.oa4fi.mongodb.net:27016, type=SHARD_ROUTER, state=CONNECTED, ok=true, version=ServerVersion{versionList=[4, 2, 9]}, minWireVersion=0, maxWireVersion=8, maxDocumentSize=16777216, logicalSessionTimeoutMinutes=30, roundTripTimeNanos=37417418} (org.mongodb.driver.cluster)
[36mconnect            |[0m [2020-09-14 10:04:18,875] INFO Monitor thread successfully connected to server with description ServerDescription{address=kafka-shard-00-02.oa4fi.mongodb.net:27016, type=SHARD_ROUTER, state=CONNECTED, ok=true, version=ServerVersion{versionList=[4, 2, 9]}, minWireVersion=0, maxWireVersion=8, maxDocumentSize=16777216, logicalSessionTimeoutMinutes=30, roundTripTimeNanos=40851293} (org.mongodb.driver.cluster)
[36mconnect            |[0m [2020-09-14 10:04:18,875] INFO Monitor thread successfully connected to server with description ServerDescription{address=kafka-shard-00-00.oa4fi.mongodb.net:27016, type=SHARD_ROUTER, state=CONNECTED, ok=true, version=ServerVersion{versionList=[4, 2, 9]}, minWireVersion=0, maxWireVersion=8, maxDocumentSize=16777216, logicalSessionTimeoutMinutes=30, roundTripTimeNanos=37881128} (org.mongodb.driver.cluster)
[36mconnect            |[0m [2020-09-14 10:04:18,888] INFO Monitor thread successfully connected to server with description ServerDescription{address=kafka-shard-01-02.oa4fi.mongodb.net:27016, type=SHARD_ROUTER, state=CONNECTED, ok=true, version=ServerVersion{versionList=[4, 2, 9]}, minWireVersion=0, maxWireVersion=8, maxDocumentSize=16777216, logicalSessionTimeoutMinutes=30, roundTripTimeNanos=36452190} (org.mongodb.driver.cluster)
[36mconnect            |[0m [2020-09-14 10:04:18,895] INFO Monitor thread successfully connected to server with description ServerDescription{address=kafka-shard-01-00.oa4fi.mongodb.net:27016, type=SHARD_ROUTER, state=CONNECTED, ok=true, version=ServerVersion{versionList=[4, 2, 9]}, minWireVersion=0, maxWireVersion=8, maxDocumentSize=16777216, logicalSessionTimeoutMinutes=30, roundTripTimeNanos=36603506} (org.mongodb.driver.cluster)
[36mconnect            |[0m [2020-09-14 10:04:19,150] INFO Opened connection [connectionId{localValue:389, serverValue:37263}] to kafka-shard-00-01.oa4fi.mongodb.net:27016 (org.mongodb.driver.connection)
[36mconnect            |[0m [2020-09-14 10:04:19,197] INFO WorkerSourceTask{id=source_kafka-0} Committing offsets (org.apache.kafka.connect.runtime.WorkerSourceTask)
[36mconnect            |[0m [2020-09-14 10:04:19,197] INFO WorkerSourceTask{id=source_kafka-0} flushing 0 outstanding messages for offset commit (org.apache.kafka.connect.runtime.WorkerSourceTask)
[36mconnect            |[0m [2020-09-14 10:04:19,506] INFO Opened connection [connectionId{localValue:390, serverValue:38566}] to kafka-shard-00-02.oa4fi.mongodb.net:27016 (org.mongodb.driver.connection)
[36mconnect            |[0m [2020-09-14 10:04:19,545] INFO Closed connection [connectionId{localValue:390, serverValue:38566}] to kafka-shard-00-02.oa4fi.mongodb.net:27016 because the pool has been closed. (org.mongodb.driver.connection)
[36mconnect            |[0m [2020-09-14 10:04:19,545] INFO Closed connection [connectionId{localValue:389, serverValue:37263}] to kafka-shard-00-01.oa4fi.mongodb.net:27016 because the pool has been closed. (org.mongodb.driver.connection)
[36mconnect            |[0m [2020-09-14 10:04:19,546] INFO AbstractConfig values: 
[36mconnect            |[0m [2020-09-14 10:04:26,658] INFO AbstractConfig values: 
[36mconnect            |[0m [2020-09-14 10:04:29,199] INFO WorkerSourceTask{id=source_kafka-0} Committing offsets (org.apache.kafka.connect.runtime.WorkerSourceTask)
[36mconnect            |[0m [2020-09-14 10:04:29,199] INFO WorkerSourceTask{id=source_kafka-0} flushing 0 outstanding messages for offset commit (org.apache.kafka.connect.runtime.WorkerSourceTask)
[36mconnect            |[0m [2020-09-14 10:04:34,556] INFO MongoSinkTopicConfig values: 
[36mconnect            |[0m [2020-09-14 10:04:34,564] INFO MongoSinkTopicConfig values: 
[36mconnect            |[0m [2020-09-14 10:04:34,567] INFO Cluster created with settings {hosts=[127.0.0.1:27017], srvHost=kafka.oa4fi.mongodb.net, mode=MULTIPLE, requiredClusterType=UNKNOWN, serverSelectionTimeout='30000 ms', maxWaitQueueSize=500} (org.mongodb.driver.cluster)
[36mconnect            |[0m [2020-09-14 10:04:34,570] INFO Adding discovered server kafka-shard-00-02.oa4fi.mongodb.net:27016 to client view of cluster (org.mongodb.driver.cluster)
[36mconnect            |[0m [2020-09-14 10:04:34,571] INFO Adding discovered server kafka-shard-01-02.oa4fi.mongodb.net:27016 to client view of cluster (org.mongodb.driver.cluster)
[36mconnect            |[0m [2020-09-14 10:04:34,571] INFO Adding discovered server kafka-shard-01-01.oa4fi.mongodb.net:27016 to client view of cluster (org.mongodb.driver.cluster)
[36mconnect            |[0m [2020-09-14 10:04:34,574] INFO Adding discovered server kafka-shard-01-00.oa4fi.mongodb.net:27016 to client view of cluster (org.mongodb.driver.cluster)
[36mconnect            |[0m [2020-09-14 10:04:34,574] INFO Adding discovered server kafka-shard-00-01.oa4fi.mongodb.net:27016 to client view of cluster (org.mongodb.driver.cluster)
[36mconnect            |[0m [2020-09-14 10:04:34,575] INFO Adding discovered server kafka-shard-00-00.oa4fi.mongodb.net:27016 to client view of cluster (org.mongodb.driver.cluster)
[36mconnect            |[0m [2020-09-14 10:04:34,787] INFO Opened connection [connectionId{localValue:391, serverValue:38571}] to kafka-shard-00-02.oa4fi.mongodb.net:27016 (org.mongodb.driver.connection)
[36mconnect            |[0m [2020-09-14 10:04:34,787] INFO Opened connection [connectionId{localValue:393, serverValue:38602}] to kafka-shard-01-01.oa4fi.mongodb.net:27016 (org.mongodb.driver.connection)
[36mconnect            |[0m [2020-09-14 10:04:34,827] INFO Monitor thread successfully connected to server with description ServerDescription{address=kafka-shard-00-02.oa4fi.mongodb.net:27016, type=SHARD_ROUTER, state=CONNECTED, ok=true, version=ServerVersion{versionList=[4, 2, 9]}, minWireVersion=0, maxWireVersion=8, maxDocumentSize=16777216, logicalSessionTimeoutMinutes=30, roundTripTimeNanos=40409110} (org.mongodb.driver.cluster)
[36mconnect            |[0m [2020-09-14 10:04:34,827] INFO Opened connection [connectionId{localValue:396, serverValue:40359}] to kafka-shard-00-00.oa4fi.mongodb.net:27016 (org.mongodb.driver.connection)
[36mconnect            |[0m [2020-09-14 10:04:34,829] INFO Discovered cluster type of SHARDED (org.mongodb.driver.cluster)
[36mconnect            |[0m [2020-09-14 10:04:34,829] INFO Monitor thread successfully connected to server with description ServerDescription{address=kafka-shard-01-01.oa4fi.mongodb.net:27016, type=SHARD_ROUTER, state=CONNECTED, ok=true, version=ServerVersion{versionList=[4, 2, 9]}, minWireVersion=0, maxWireVersion=8, maxDocumentSize=16777216, logicalSessionTimeoutMinutes=30, roundTripTimeNanos=41197848} (org.mongodb.driver.cluster)
[36mconnect            |[0m [2020-09-14 10:04:34,830] INFO Opened connection [connectionId{localValue:395, serverValue:37268}] to kafka-shard-00-01.oa4fi.mongodb.net:27016 (org.mongodb.driver.connection)
[36mconnect            |[0m [2020-09-14 10:04:34,830] INFO Opened connection [connectionId{localValue:394, serverValue:38621}] to kafka-shard-01-00.oa4fi.mongodb.net:27016 (org.mongodb.driver.connection)
[36mconnect            |[0m [2020-09-14 10:04:34,866] INFO Monitor thread successfully connected to server with description ServerDescription{address=kafka-shard-00-00.oa4fi.mongodb.net:27016, type=SHARD_ROUTER, state=CONNECTED, ok=true, version=ServerVersion{versionList=[4, 2, 9]}, minWireVersion=0, maxWireVersion=8, maxDocumentSize=16777216, logicalSessionTimeoutMinutes=30, roundTripTimeNanos=38417466} (org.mongodb.driver.cluster)
[36mconnect            |[0m [2020-09-14 10:04:34,868] INFO Monitor thread successfully connected to server with description ServerDescription{address=kafka-shard-01-00.oa4fi.mongodb.net:27016, type=SHARD_ROUTER, state=CONNECTED, ok=true, version=ServerVersion{versionList=[4, 2, 9]}, minWireVersion=0, maxWireVersion=8, maxDocumentSize=16777216, logicalSessionTimeoutMinutes=30, roundTripTimeNanos=38133241} (org.mongodb.driver.cluster)
[36mconnect            |[0m [2020-09-14 10:04:34,868] INFO Monitor thread successfully connected to server with description ServerDescription{address=kafka-shard-00-01.oa4fi.mongodb.net:27016, type=SHARD_ROUTER, state=CONNECTED, ok=true, version=ServerVersion{versionList=[4, 2, 9]}, minWireVersion=0, maxWireVersion=8, maxDocumentSize=16777216, logicalSessionTimeoutMinutes=30, roundTripTimeNanos=38583597} (org.mongodb.driver.cluster)
[36mconnect            |[0m [2020-09-14 10:04:34,929] INFO Opened connection [connectionId{localValue:392, serverValue:37176}] to kafka-shard-01-02.oa4fi.mongodb.net:27016 (org.mongodb.driver.connection)
[36mconnect            |[0m [2020-09-14 10:04:34,967] INFO Monitor thread successfully connected to server with description ServerDescription{address=kafka-shard-01-02.oa4fi.mongodb.net:27016, type=SHARD_ROUTER, state=CONNECTED, ok=true, version=ServerVersion{versionList=[4, 2, 9]}, minWireVersion=0, maxWireVersion=8, maxDocumentSize=16777216, logicalSessionTimeoutMinutes=30, roundTripTimeNanos=38249941} (org.mongodb.driver.cluster)
[36mconnect            |[0m [2020-09-14 10:04:35,131] INFO Opened connection [connectionId{localValue:397, serverValue:38603}] to kafka-shard-01-01.oa4fi.mongodb.net:27016 (org.mongodb.driver.connection)
[36mconnect            |[0m [2020-09-14 10:04:35,471] INFO Opened connection [connectionId{localValue:398, serverValue:38572}] to kafka-shard-00-02.oa4fi.mongodb.net:27016 (org.mongodb.driver.connection)
[36mconnect            |[0m [2020-09-14 10:04:35,509] INFO Closed connection [connectionId{localValue:398, serverValue:38572}] to kafka-shard-00-02.oa4fi.mongodb.net:27016 because the pool has been closed. (org.mongodb.driver.connection)
[36mconnect            |[0m [2020-09-14 10:04:35,510] INFO Closed connection [connectionId{localValue:397, serverValue:38603}] to kafka-shard-01-01.oa4fi.mongodb.net:27016 because the pool has been closed. (org.mongodb.driver.connection)
[36mconnect            |[0m [2020-09-14 10:04:35,510] INFO AbstractConfig values: 
[36mconnect            |[0m [2020-09-14 10:04:39,200] INFO WorkerSourceTask{id=source_kafka-0} Committing offsets (org.apache.kafka.connect.runtime.WorkerSourceTask)
[36mconnect            |[0m [2020-09-14 10:04:39,200] INFO WorkerSourceTask{id=source_kafka-0} flushing 0 outstanding messages for offset commit (org.apache.kafka.connect.runtime.WorkerSourceTask)
[36mconnect            |[0m [2020-09-14 10:04:45,893] INFO MongoSinkTopicConfig values: 
[36mconnect            |[0m [2020-09-14 10:04:45,902] INFO MongoSinkTopicConfig values: 
[36mconnect            |[0m [2020-09-14 10:04:45,905] INFO Cluster created with settings {hosts=[127.0.0.1:27017], srvHost=kafka.oa4fi.mongodb.net, mode=MULTIPLE, requiredClusterType=UNKNOWN, serverSelectionTimeout='30000 ms', maxWaitQueueSize=500} (org.mongodb.driver.cluster)
[36mconnect            |[0m [2020-09-14 10:04:45,907] INFO Adding discovered server kafka-shard-00-02.oa4fi.mongodb.net:27016 to client view of cluster (org.mongodb.driver.cluster)
[36mconnect            |[0m [2020-09-14 10:04:45,908] INFO Adding discovered server kafka-shard-01-02.oa4fi.mongodb.net:27016 to client view of cluster (org.mongodb.driver.cluster)
[36mconnect            |[0m [2020-09-14 10:04:45,908] INFO Adding discovered server kafka-shard-01-01.oa4fi.mongodb.net:27016 to client view of cluster (org.mongodb.driver.cluster)
[36mconnect            |[0m [2020-09-14 10:04:45,909] INFO Adding discovered server kafka-shard-01-00.oa4fi.mongodb.net:27016 to client view of cluster (org.mongodb.driver.cluster)
[36mconnect            |[0m [2020-09-14 10:04:45,909] INFO Adding discovered server kafka-shard-00-01.oa4fi.mongodb.net:27016 to client view of cluster (org.mongodb.driver.cluster)
[36mconnect            |[0m [2020-09-14 10:04:45,910] INFO Adding discovered server kafka-shard-00-00.oa4fi.mongodb.net:27016 to client view of cluster (org.mongodb.driver.cluster)
[36mconnect            |[0m [2020-09-14 10:04:45,932] INFO MongoSinkTopicConfig values: 
[36mconnect            |[0m [2020-09-14 10:04:45,939] INFO MongoSinkTopicConfig values: 
[36mconnect            |[0m [2020-09-14 10:04:45,942] INFO Cluster created with settings {hosts=[127.0.0.1:27017], srvHost=kafka.oa4fi.mongodb.net, mode=MULTIPLE, requiredClusterType=UNKNOWN, serverSelectionTimeout='30000 ms', maxWaitQueueSize=500} (org.mongodb.driver.cluster)
[36mconnect            |[0m [2020-09-14 10:04:45,946] INFO Adding discovered server kafka-shard-00-02.oa4fi.mongodb.net:27016 to client view of cluster (org.mongodb.driver.cluster)
[36mconnect            |[0m [2020-09-14 10:04:45,946] INFO Adding discovered server kafka-shard-01-02.oa4fi.mongodb.net:27016 to client view of cluster (org.mongodb.driver.cluster)
[36mconnect            |[0m [2020-09-14 10:04:45,948] INFO Adding discovered server kafka-shard-01-01.oa4fi.mongodb.net:27016 to client view of cluster (org.mongodb.driver.cluster)
[36mconnect            |[0m [2020-09-14 10:04:45,948] INFO Adding discovered server kafka-shard-01-00.oa4fi.mongodb.net:27016 to client view of cluster (org.mongodb.driver.cluster)
[36mconnect            |[0m [2020-09-14 10:04:45,948] INFO Adding discovered server kafka-shard-00-01.oa4fi.mongodb.net:27016 to client view of cluster (org.mongodb.driver.cluster)
[36mconnect            |[0m [2020-09-14 10:04:45,950] INFO Adding discovered server kafka-shard-00-00.oa4fi.mongodb.net:27016 to client view of cluster (org.mongodb.driver.cluster)
[36mconnect            |[0m [2020-09-14 10:04:46,108] INFO Opened connection [connectionId{localValue:400, serverValue:37181}] to kafka-shard-01-02.oa4fi.mongodb.net:27016 (org.mongodb.driver.connection)
[36mconnect            |[0m [2020-09-14 10:04:46,114] INFO Opened connection [connectionId{localValue:403, serverValue:37269}] to kafka-shard-00-01.oa4fi.mongodb.net:27016 (org.mongodb.driver.connection)
[36mconnect            |[0m [2020-09-14 10:04:46,121] INFO Opened connection [connectionId{localValue:401, serverValue:38608}] to kafka-shard-01-01.oa4fi.mongodb.net:27016 (org.mongodb.driver.connection)
[36mconnect            |[0m [2020-09-14 10:04:46,121] INFO Opened connection [connectionId{localValue:402, serverValue:38622}] to kafka-shard-01-00.oa4fi.mongodb.net:27016 (org.mongodb.driver.connection)
[36mconnect            |[0m [2020-09-14 10:04:46,124] INFO Opened connection [connectionId{localValue:399, serverValue:38577}] to kafka-shard-00-02.oa4fi.mongodb.net:27016 (org.mongodb.driver.connection)
[36mconnect            |[0m [2020-09-14 10:04:46,123] INFO Opened connection [connectionId{localValue:404, serverValue:40364}] to kafka-shard-00-00.oa4fi.mongodb.net:27016 (org.mongodb.driver.connection)
[36mconnect            |[0m [2020-09-14 10:04:46,147] INFO Monitor thread successfully connected to server with description ServerDescription{address=kafka-shard-01-02.oa4fi.mongodb.net:27016, type=SHARD_ROUTER, state=CONNECTED, ok=true, version=ServerVersion{versionList=[4, 2, 9]}, minWireVersion=0, maxWireVersion=8, maxDocumentSize=16777216, logicalSessionTimeoutMinutes=30, roundTripTimeNanos=37942453} (org.mongodb.driver.cluster)
[36mconnect            |[0m [2020-09-14 10:04:46,147] INFO Discovered cluster type of SHARDED (org.mongodb.driver.cluster)
[36mconnect            |[0m [2020-09-14 10:04:46,150] INFO Opened connection [connectionId{localValue:409, serverValue:37270}] to kafka-shard-00-01.oa4fi.mongodb.net:27016 (org.mongodb.driver.connection)
[36mconnect            |[0m [2020-09-14 10:04:46,154] INFO Monitor thread successfully connected to server with description ServerDescription{address=kafka-shard-00-01.oa4fi.mongodb.net:27016, type=SHARD_ROUTER, state=CONNECTED, ok=true, version=ServerVersion{versionList=[4, 2, 9]}, minWireVersion=0, maxWireVersion=8, maxDocumentSize=16777216, logicalSessionTimeoutMinutes=30, roundTripTimeNanos=39603008} (org.mongodb.driver.cluster)
[36mconnect            |[0m [2020-09-14 10:04:46,157] INFO Opened connection [connectionId{localValue:407, serverValue:38609}] to kafka-shard-01-01.oa4fi.mongodb.net:27016 (org.mongodb.driver.connection)
[36mconnect            |[0m [2020-09-14 10:04:46,157] INFO Opened connection [connectionId{localValue:410, serverValue:40365}] to kafka-shard-00-00.oa4fi.mongodb.net:27016 (org.mongodb.driver.connection)
[36mconnect            |[0m [2020-09-14 10:04:46,158] INFO Opened connection [connectionId{localValue:406, serverValue:37182}] to kafka-shard-01-02.oa4fi.mongodb.net:27016 (org.mongodb.driver.connection)
[36mconnect            |[0m [2020-09-14 10:04:46,162] INFO Opened connection [connectionId{localValue:408, serverValue:38623}] to kafka-shard-01-00.oa4fi.mongodb.net:27016 (org.mongodb.driver.connection)
[36mconnect            |[0m [2020-09-14 10:04:46,162] INFO Monitor thread successfully connected to server with description ServerDescription{address=kafka-shard-01-01.oa4fi.mongodb.net:27016, type=SHARD_ROUTER, state=CONNECTED, ok=true, version=ServerVersion{versionList=[4, 2, 9]}, minWireVersion=0, maxWireVersion=8, maxDocumentSize=16777216, logicalSessionTimeoutMinutes=30, roundTripTimeNanos=40275783} (org.mongodb.driver.cluster)
[36mconnect            |[0m [2020-09-14 10:04:46,163] INFO Monitor thread successfully connected to server with description ServerDescription{address=kafka-shard-01-00.oa4fi.mongodb.net:27016, type=SHARD_ROUTER, state=CONNECTED, ok=true, version=ServerVersion{versionList=[4, 2, 9]}, minWireVersion=0, maxWireVersion=8, maxDocumentSize=16777216, logicalSessionTimeoutMinutes=30, roundTripTimeNanos=39032666} (org.mongodb.driver.cluster)
[36mconnect            |[0m [2020-09-14 10:04:46,163] INFO Monitor thread successfully connected to server with description ServerDescription{address=kafka-shard-00-00.oa4fi.mongodb.net:27016, type=SHARD_ROUTER, state=CONNECTED, ok=true, version=ServerVersion{versionList=[4, 2, 9]}, minWireVersion=0, maxWireVersion=8, maxDocumentSize=16777216, logicalSessionTimeoutMinutes=30, roundTripTimeNanos=38768191} (org.mongodb.driver.cluster)
[36mconnect            |[0m [2020-09-14 10:04:46,163] INFO Opened connection [connectionId{localValue:405, serverValue:38578}] to kafka-shard-00-02.oa4fi.mongodb.net:27016 (org.mongodb.driver.connection)
[36mconnect            |[0m [2020-09-14 10:04:46,163] INFO Monitor thread successfully connected to server with description ServerDescription{address=kafka-shard-00-02.oa4fi.mongodb.net:27016, type=SHARD_ROUTER, state=CONNECTED, ok=true, version=ServerVersion{versionList=[4, 2, 9]}, minWireVersion=0, maxWireVersion=8, maxDocumentSize=16777216, logicalSessionTimeoutMinutes=30, roundTripTimeNanos=38966173} (org.mongodb.driver.cluster)
[36mconnect            |[0m [2020-09-14 10:04:46,186] INFO Monitor thread successfully connected to server with description ServerDescription{address=kafka-shard-00-01.oa4fi.mongodb.net:27016, type=SHARD_ROUTER, state=CONNECTED, ok=true, version=ServerVersion{versionList=[4, 2, 9]}, minWireVersion=0, maxWireVersion=8, maxDocumentSize=16777216, logicalSessionTimeoutMinutes=30, roundTripTimeNanos=35694053} (org.mongodb.driver.cluster)
[36mconnect            |[0m [2020-09-14 10:04:46,187] INFO Discovered cluster type of SHARDED (org.mongodb.driver.cluster)
[36mconnect            |[0m [2020-09-14 10:04:46,194] INFO Monitor thread successfully connected to server with description ServerDescription{address=kafka-shard-01-01.oa4fi.mongodb.net:27016, type=SHARD_ROUTER, state=CONNECTED, ok=true, version=ServerVersion{versionList=[4, 2, 9]}, minWireVersion=0, maxWireVersion=8, maxDocumentSize=16777216, logicalSessionTimeoutMinutes=30, roundTripTimeNanos=36790847} (org.mongodb.driver.cluster)
[36mconnect            |[0m [2020-09-14 10:04:46,194] INFO Monitor thread successfully connected to server with description ServerDescription{address=kafka-shard-00-00.oa4fi.mongodb.net:27016, type=SHARD_ROUTER, state=CONNECTED, ok=true, version=ServerVersion{versionList=[4, 2, 9]}, minWireVersion=0, maxWireVersion=8, maxDocumentSize=16777216, logicalSessionTimeoutMinutes=30, roundTripTimeNanos=36806739} (org.mongodb.driver.cluster)
[36mconnect            |[0m [2020-09-14 10:04:46,194] INFO Monitor thread successfully connected to server with description ServerDescription{address=kafka-shard-01-02.oa4fi.mongodb.net:27016, type=SHARD_ROUTER, state=CONNECTED, ok=true, version=ServerVersion{versionList=[4, 2, 9]}, minWireVersion=0, maxWireVersion=8, maxDocumentSize=16777216, logicalSessionTimeoutMinutes=30, roundTripTimeNanos=36156325} (org.mongodb.driver.cluster)
[36mconnect            |[0m [2020-09-14 10:04:46,199] INFO Monitor thread successfully connected to server with description ServerDescription{address=kafka-shard-01-00.oa4fi.mongodb.net:27016, type=SHARD_ROUTER, state=CONNECTED, ok=true, version=ServerVersion{versionList=[4, 2, 9]}, minWireVersion=0, maxWireVersion=8, maxDocumentSize=16777216, logicalSessionTimeoutMinutes=30, roundTripTimeNanos=37729650} (org.mongodb.driver.cluster)
[36mconnect            |[0m [2020-09-14 10:04:46,201] INFO Monitor thread successfully connected to server with description ServerDescription{address=kafka-shard-00-02.oa4fi.mongodb.net:27016, type=SHARD_ROUTER, state=CONNECTED, ok=true, version=ServerVersion{versionList=[4, 2, 9]}, minWireVersion=0, maxWireVersion=8, maxDocumentSize=16777216, logicalSessionTimeoutMinutes=30, roundTripTimeNanos=38157535} (org.mongodb.driver.cluster)
[36mconnect            |[0m [2020-09-14 10:04:46,431] INFO Opened connection [connectionId{localValue:411, serverValue:37183}] to kafka-shard-01-02.oa4fi.mongodb.net:27016 (org.mongodb.driver.connection)
[36mconnect            |[0m [2020-09-14 10:04:46,461] INFO Opened connection [connectionId{localValue:412, serverValue:37271}] to kafka-shard-00-01.oa4fi.mongodb.net:27016 (org.mongodb.driver.connection)
[36mconnect            |[0m [2020-09-14 10:04:46,731] INFO Opened connection [connectionId{localValue:413, serverValue:38579}] to kafka-shard-00-02.oa4fi.mongodb.net:27016 (org.mongodb.driver.connection)
[36mconnect            |[0m [2020-09-14 10:04:46,765] INFO Opened connection [connectionId{localValue:414, serverValue:38580}] to kafka-shard-00-02.oa4fi.mongodb.net:27016 (org.mongodb.driver.connection)
[36mconnect            |[0m [2020-09-14 10:04:46,768] INFO Closed connection [connectionId{localValue:413, serverValue:38579}] to kafka-shard-00-02.oa4fi.mongodb.net:27016 because the pool has been closed. (org.mongodb.driver.connection)
[36mconnect            |[0m [2020-09-14 10:04:46,769] INFO Closed connection [connectionId{localValue:411, serverValue:37183}] to kafka-shard-01-02.oa4fi.mongodb.net:27016 because the pool has been closed. (org.mongodb.driver.connection)
[36mconnect            |[0m [2020-09-14 10:04:46,770] INFO AbstractConfig values: 
[36mconnect            |[0m [2020-09-14 10:04:46,801] INFO Closed connection [connectionId{localValue:414, serverValue:38580}] to kafka-shard-00-02.oa4fi.mongodb.net:27016 because the pool has been closed. (org.mongodb.driver.connection)
[36mconnect            |[0m [2020-09-14 10:04:46,801] INFO Closed connection [connectionId{localValue:412, serverValue:37271}] to kafka-shard-00-01.oa4fi.mongodb.net:27016 because the pool has been closed. (org.mongodb.driver.connection)
[36mconnect            |[0m [2020-09-14 10:04:46,802] INFO AbstractConfig values: 
[36mconnect            |[0m [2020-09-14 10:04:49,200] INFO WorkerSourceTask{id=source_kafka-0} Committing offsets (org.apache.kafka.connect.runtime.WorkerSourceTask)
[36mconnect            |[0m [2020-09-14 10:04:49,200] INFO WorkerSourceTask{id=source_kafka-0} flushing 0 outstanding messages for offset commit (org.apache.kafka.connect.runtime.WorkerSourceTask)
[36mconnect            |[0m [2020-09-14 10:04:50,506] INFO MongoSinkTopicConfig values: 
[36mconnect            |[0m [2020-09-14 10:04:50,512] INFO MongoSinkTopicConfig values: 
[36mconnect            |[0m [2020-09-14 10:04:50,513] INFO Cluster created with settings {hosts=[127.0.0.1:27017], srvHost=kafka.oa4fi.mongodb.net, mode=MULTIPLE, requiredClusterType=UNKNOWN, serverSelectionTimeout='30000 ms', maxWaitQueueSize=500} (org.mongodb.driver.cluster)
[36mconnect            |[0m [2020-09-14 10:04:50,516] INFO Adding discovered server kafka-shard-00-02.oa4fi.mongodb.net:27016 to client view of cluster (org.mongodb.driver.cluster)
[36mconnect            |[0m [2020-09-14 10:04:50,517] INFO Adding discovered server kafka-shard-01-02.oa4fi.mongodb.net:27016 to client view of cluster (org.mongodb.driver.cluster)
[36mconnect            |[0m [2020-09-14 10:04:50,518] INFO Adding discovered server kafka-shard-01-01.oa4fi.mongodb.net:27016 to client view of cluster (org.mongodb.driver.cluster)
[36mconnect            |[0m [2020-09-14 10:04:50,521] INFO Adding discovered server kafka-shard-01-00.oa4fi.mongodb.net:27016 to client view of cluster (org.mongodb.driver.cluster)
[36mconnect            |[0m [2020-09-14 10:04:50,521] INFO Adding discovered server kafka-shard-00-01.oa4fi.mongodb.net:27016 to client view of cluster (org.mongodb.driver.cluster)
[36mconnect            |[0m [2020-09-14 10:04:50,522] INFO Adding discovered server kafka-shard-00-00.oa4fi.mongodb.net:27016 to client view of cluster (org.mongodb.driver.cluster)
[36mconnect            |[0m [2020-09-14 10:04:50,716] INFO Opened connection [connectionId{localValue:420, serverValue:40366}] to kafka-shard-00-00.oa4fi.mongodb.net:27016 (org.mongodb.driver.connection)
[36mconnect            |[0m [2020-09-14 10:04:50,722] INFO Opened connection [connectionId{localValue:419, serverValue:37273}] to kafka-shard-00-01.oa4fi.mongodb.net:27016 (org.mongodb.driver.connection)
[36mconnect            |[0m [2020-09-14 10:04:50,722] INFO Opened connection [connectionId{localValue:415, serverValue:38581}] to kafka-shard-00-02.oa4fi.mongodb.net:27016 (org.mongodb.driver.connection)
[36mconnect            |[0m [2020-09-14 10:04:50,723] INFO Opened connection [connectionId{localValue:416, serverValue:37184}] to kafka-shard-01-02.oa4fi.mongodb.net:27016 (org.mongodb.driver.connection)
[36mconnect            |[0m [2020-09-14 10:04:50,727] INFO Opened connection [connectionId{localValue:418, serverValue:38624}] to kafka-shard-01-00.oa4fi.mongodb.net:27016 (org.mongodb.driver.connection)
[36mconnect            |[0m [2020-09-14 10:04:50,727] INFO Opened connection [connectionId{localValue:417, serverValue:38610}] to kafka-shard-01-01.oa4fi.mongodb.net:27016 (org.mongodb.driver.connection)
[36mconnect            |[0m [2020-09-14 10:04:50,752] INFO Monitor thread successfully connected to server with description ServerDescription{address=kafka-shard-00-00.oa4fi.mongodb.net:27016, type=SHARD_ROUTER, state=CONNECTED, ok=true, version=ServerVersion{versionList=[4, 2, 9]}, minWireVersion=0, maxWireVersion=8, maxDocumentSize=16777216, logicalSessionTimeoutMinutes=30, roundTripTimeNanos=35904161} (org.mongodb.driver.cluster)
[36mconnect            |[0m [2020-09-14 10:04:50,753] INFO Discovered cluster type of SHARDED (org.mongodb.driver.cluster)
[36mconnect            |[0m [2020-09-14 10:04:50,759] INFO Monitor thread successfully connected to server with description ServerDescription{address=kafka-shard-00-02.oa4fi.mongodb.net:27016, type=SHARD_ROUTER, state=CONNECTED, ok=true, version=ServerVersion{versionList=[4, 2, 9]}, minWireVersion=0, maxWireVersion=8, maxDocumentSize=16777216, logicalSessionTimeoutMinutes=30, roundTripTimeNanos=37227544} (org.mongodb.driver.cluster)
[36mconnect            |[0m [2020-09-14 10:04:50,759] INFO Monitor thread successfully connected to server with description ServerDescription{address=kafka-shard-00-01.oa4fi.mongodb.net:27016, type=SHARD_ROUTER, state=CONNECTED, ok=true, version=ServerVersion{versionList=[4, 2, 9]}, minWireVersion=0, maxWireVersion=8, maxDocumentSize=16777216, logicalSessionTimeoutMinutes=30, roundTripTimeNanos=37655506} (org.mongodb.driver.cluster)
[36mconnect            |[0m [2020-09-14 10:04:50,759] INFO Monitor thread successfully connected to server with description ServerDescription{address=kafka-shard-01-02.oa4fi.mongodb.net:27016, type=SHARD_ROUTER, state=CONNECTED, ok=true, version=ServerVersion{versionList=[4, 2, 9]}, minWireVersion=0, maxWireVersion=8, maxDocumentSize=16777216, logicalSessionTimeoutMinutes=30, roundTripTimeNanos=36885117} (org.mongodb.driver.cluster)
[36mconnect            |[0m [2020-09-14 10:04:50,766] INFO Monitor thread successfully connected to server with description ServerDescription{address=kafka-shard-01-01.oa4fi.mongodb.net:27016, type=SHARD_ROUTER, state=CONNECTED, ok=true, version=ServerVersion{versionList=[4, 2, 9]}, minWireVersion=0, maxWireVersion=8, maxDocumentSize=16777216, logicalSessionTimeoutMinutes=30, roundTripTimeNanos=38755594} (org.mongodb.driver.cluster)
[36mconnect            |[0m [2020-09-14 10:04:50,766] INFO Monitor thread successfully connected to server with description ServerDescription{address=kafka-shard-01-00.oa4fi.mongodb.net:27016, type=SHARD_ROUTER, state=CONNECTED, ok=true, version=ServerVersion{versionList=[4, 2, 9]}, minWireVersion=0, maxWireVersion=8, maxDocumentSize=16777216, logicalSessionTimeoutMinutes=30, roundTripTimeNanos=38831960} (org.mongodb.driver.cluster)
[36mconnect            |[0m [2020-09-14 10:04:51,035] INFO Opened connection [connectionId{localValue:421, serverValue:40367}] to kafka-shard-00-00.oa4fi.mongodb.net:27016 (org.mongodb.driver.connection)
[36mconnect            |[0m [2020-09-14 10:04:51,350] INFO Opened connection [connectionId{localValue:422, serverValue:38582}] to kafka-shard-00-02.oa4fi.mongodb.net:27016 (org.mongodb.driver.connection)
[36mconnect            |[0m [2020-09-14 10:04:51,390] INFO Closed connection [connectionId{localValue:422, serverValue:38582}] to kafka-shard-00-02.oa4fi.mongodb.net:27016 because the pool has been closed. (org.mongodb.driver.connection)
[36mconnect            |[0m [2020-09-14 10:04:51,392] INFO Closed connection [connectionId{localValue:421, serverValue:40367}] to kafka-shard-00-00.oa4fi.mongodb.net:27016 because the pool has been closed. (org.mongodb.driver.connection)
[36mconnect            |[0m [2020-09-14 10:04:51,393] INFO AbstractConfig values: 
[36mconnect            |[0m [2020-09-14 10:04:51,397] INFO [Worker clientId=connect-1, groupId=compose-connect-group] Connector mongos_45 config updated (org.apache.kafka.connect.runtime.distributed.DistributedHerder)
[36mconnect            |[0m [2020-09-14 10:04:51,397] INFO [Worker clientId=connect-1, groupId=compose-connect-group] Rebalance started (org.apache.kafka.connect.runtime.distributed.WorkerCoordinator)
[36mconnect            |[0m [2020-09-14 10:04:51,397] INFO [Worker clientId=connect-1, groupId=compose-connect-group] (Re-)joining group (org.apache.kafka.clients.consumer.internals.AbstractCoordinator)
[36mconnect            |[0m [2020-09-14 10:04:51,401] INFO [Worker clientId=connect-1, groupId=compose-connect-group] Successfully joined group with generation 33 (org.apache.kafka.clients.consumer.internals.AbstractCoordinator)
[36mconnect            |[0m [2020-09-14 10:04:51,401] INFO [Worker clientId=connect-1, groupId=compose-connect-group] Joined group at generation 33 with protocol version 2 and got assignment: Assignment{error=0, leader='connect-1-2e0b2ec4-b7bb-4bb5-91e1-1149bb91de40', leaderUrl='http://connect:8083/', offset=44, connectorIds=[mongos_45, mongos_35, mongos_3, source_kafka], taskIds=[mongos_45-0, mongos_35-0, mongos_3-0, source_kafka-0], revokedConnectorIds=[], revokedTaskIds=[], delay=0} with rebalance delay: 0 (org.apache.kafka.connect.runtime.distributed.DistributedHerder)
[36mconnect            |[0m [2020-09-14 10:04:51,401] INFO [Worker clientId=connect-1, groupId=compose-connect-group] Starting connectors and tasks using config offset 44 (org.apache.kafka.connect.runtime.distributed.DistributedHerder)
[36mconnect            |[0m [2020-09-14 10:04:51,401] INFO [Worker clientId=connect-1, groupId=compose-connect-group] Starting connector mongos_45 (org.apache.kafka.connect.runtime.distributed.DistributedHerder)
[36mconnect            |[0m [2020-09-14 10:04:51,402] INFO ConnectorConfig values: 
[36mconnect            |[0m [2020-09-14 10:04:51,402] INFO EnrichedConnectorConfig values: 
[36mconnect            |[0m [2020-09-14 10:04:51,402] INFO Creating connector mongos_45 of type com.mongodb.kafka.connect.MongoSinkConnector (org.apache.kafka.connect.runtime.Worker)
[36mconnect            |[0m [2020-09-14 10:04:51,402] INFO Instantiated connector mongos_45 with version 1.2.0 of type class com.mongodb.kafka.connect.MongoSinkConnector (org.apache.kafka.connect.runtime.Worker)
[36mconnect            |[0m [2020-09-14 10:04:51,402] INFO Finished creating connector mongos_45 (org.apache.kafka.connect.runtime.Worker)
[36mconnect            |[0m [2020-09-14 10:04:51,402] INFO SinkConnectorConfig values: 
[36mconnect            |[0m [2020-09-14 10:04:51,402] INFO EnrichedConnectorConfig values: 
[36mconnect            |[0m [2020-09-14 10:04:51,403] INFO [Worker clientId=connect-1, groupId=compose-connect-group] Starting task mongos_45-0 (org.apache.kafka.connect.runtime.distributed.DistributedHerder)
[36mconnect            |[0m [2020-09-14 10:04:51,403] INFO Creating task mongos_45-0 (org.apache.kafka.connect.runtime.Worker)
[36mconnect            |[0m [2020-09-14 10:04:51,403] INFO ConnectorConfig values: 
[36mconnect            |[0m [2020-09-14 10:04:51,403] INFO EnrichedConnectorConfig values: 
[36mconnect            |[0m [2020-09-14 10:04:51,403] INFO TaskConfig values: 
[36mconnect            |[0m [2020-09-14 10:04:51,403] INFO Instantiated task mongos_45-0 with version 1.2.0 of type com.mongodb.kafka.connect.sink.MongoSinkTask (org.apache.kafka.connect.runtime.Worker)
[36mconnect            |[0m [2020-09-14 10:04:51,403] INFO StringConverterConfig values: 
[36mconnect            |[0m [2020-09-14 10:04:51,403] INFO Set up the key converter class org.apache.kafka.connect.storage.StringConverter for task mongos_45-0 using the worker config (org.apache.kafka.connect.runtime.Worker)
[36mconnect            |[0m [2020-09-14 10:04:51,404] INFO AvroConverterConfig values: 
[36mconnect            |[0m [2020-09-14 10:04:51,404] INFO KafkaAvroSerializerConfig values: 
[36mconnect            |[0m [2020-09-14 10:04:51,404] INFO KafkaAvroDeserializerConfig values: 
[36mconnect            |[0m [2020-09-14 10:04:51,404] INFO AvroDataConfig values: 
[36mconnect            |[0m [2020-09-14 10:04:51,404] INFO Set up the value converter class io.confluent.connect.avro.AvroConverter for task mongos_45-0 using the worker config (org.apache.kafka.connect.runtime.Worker)
[36mconnect            |[0m [2020-09-14 10:04:51,404] INFO Set up the header converter class org.apache.kafka.connect.storage.SimpleHeaderConverter for task mongos_45-0 using the worker config (org.apache.kafka.connect.runtime.Worker)
[36mconnect            |[0m [2020-09-14 10:04:51,406] INFO Initializing: org.apache.kafka.connect.runtime.TransformationChain{} (org.apache.kafka.connect.runtime.Worker)
[36mconnect            |[0m [2020-09-14 10:04:51,406] INFO SinkConnectorConfig values: 
[36mconnect            |[0m [2020-09-14 10:04:51,406] INFO EnrichedConnectorConfig values: 
[36mconnect            |[0m [2020-09-14 10:04:51,406] INFO ConsumerConfig values: 
[36mconnect            |[0m [2020-09-14 10:04:51,408] INFO Kafka version: 5.5.0-ce (org.apache.kafka.common.utils.AppInfoParser)
[36mconnect            |[0m [2020-09-14 10:04:51,409] INFO Kafka commitId: 6068e5d52c5e294e (org.apache.kafka.common.utils.AppInfoParser)
[36mconnect            |[0m [2020-09-14 10:04:51,409] INFO Kafka startTimeMs: 1600077891408 (org.apache.kafka.common.utils.AppInfoParser)
[36mconnect            |[0m [2020-09-14 10:04:51,411] INFO [Consumer clientId=connector-consumer-mongos_45-0, groupId=connect-mongos_45] Subscribed to topic(s): kafka1.kafka.foo (org.apache.kafka.clients.consumer.KafkaConsumer)
[36mconnect            |[0m [2020-09-14 10:04:51,413] INFO Starting MongoDB sink task (com.mongodb.kafka.connect.sink.MongoSinkTask)
[36mconnect            |[0m [2020-09-14 10:04:51,445] INFO MongoSinkTopicConfig values: 
[36mconnect            |[0m [2020-09-14 10:04:51,445] INFO WorkerSinkTask{id=mongos_45-0} Sink task finished initialization and start (org.apache.kafka.connect.runtime.WorkerSinkTask)
[36mconnect            |[0m [2020-09-14 10:04:51,448] INFO [Consumer clientId=connector-consumer-mongos_45-0, groupId=connect-mongos_45] Cluster ID: JvSf76vYTmOXYk63vhP9AA (org.apache.kafka.clients.Metadata)
[36mconnect            |[0m [2020-09-14 10:04:51,448] INFO [Consumer clientId=connector-consumer-mongos_45-0, groupId=connect-mongos_45] Discovered group coordinator broker:29092 (id: 2147483646 rack: null) (org.apache.kafka.clients.consumer.internals.AbstractCoordinator)
[36mconnect            |[0m [2020-09-14 10:04:51,449] INFO [Consumer clientId=connector-consumer-mongos_45-0, groupId=connect-mongos_45] (Re-)joining group (org.apache.kafka.clients.consumer.internals.AbstractCoordinator)
[36mconnect            |[0m [2020-09-14 10:04:51,451] INFO [Consumer clientId=connector-consumer-mongos_45-0, groupId=connect-mongos_45] Join group failed with org.apache.kafka.common.errors.MemberIdRequiredException: The group member needs to have a valid member id before actually entering a consumer group (org.apache.kafka.clients.consumer.internals.AbstractCoordinator)
[36mconnect            |[0m [2020-09-14 10:04:51,451] INFO [Consumer clientId=connector-consumer-mongos_45-0, groupId=connect-mongos_45] (Re-)joining group (org.apache.kafka.clients.consumer.internals.AbstractCoordinator)
[36mconnect            |[0m [2020-09-14 10:04:51,453] INFO [Consumer clientId=connector-consumer-mongos_45-0, groupId=connect-mongos_45] Finished assignment for group at generation 1: {connector-consumer-mongos_45-0-909c343c-48c7-4b2b-a6fc-bef000932368=Assignment(partitions=[kafka1.kafka.foo-0])} (org.apache.kafka.clients.consumer.internals.ConsumerCoordinator)
[36mconnect            |[0m [2020-09-14 10:04:51,458] INFO [Consumer clientId=connector-consumer-mongos_45-0, groupId=connect-mongos_45] Successfully joined group with generation 1 (org.apache.kafka.clients.consumer.internals.AbstractCoordinator)
[36mconnect            |[0m [2020-09-14 10:04:51,460] INFO [Consumer clientId=connector-consumer-mongos_45-0, groupId=connect-mongos_45] Adding newly assigned partitions: kafka1.kafka.foo-0 (org.apache.kafka.clients.consumer.internals.ConsumerCoordinator)
[36mconnect            |[0m [2020-09-14 10:04:51,465] INFO [Consumer clientId=connector-consumer-mongos_45-0, groupId=connect-mongos_45] Found no committed offset for partition kafka1.kafka.foo-0 (org.apache.kafka.clients.consumer.internals.ConsumerCoordinator)
[36mconnect            |[0m [2020-09-14 10:04:51,471] INFO [Consumer clientId=connector-consumer-mongos_45-0, groupId=connect-mongos_45] Resetting offset for partition kafka1.kafka.foo-0 to offset 0. (org.apache.kafka.clients.consumer.internals.SubscriptionState)
[36mconnect            |[0m [2020-09-14 10:04:51,476] INFO creating interceptor (io.confluent.monitoring.clients.interceptor.MonitoringConsumerInterceptor)
[36mconnect            |[0m [2020-09-14 10:04:51,477] INFO MonitoringInterceptorConfig values: 
[36mconnect            |[0m [2020-09-14 10:04:51,478] INFO ProducerConfig values: 
[36mconnect            |[0m [2020-09-14 10:04:51,498] INFO Kafka version: 5.5.0-ce (org.apache.kafka.common.utils.AppInfoParser)
[36mconnect            |[0m [2020-09-14 10:04:51,498] INFO Kafka commitId: 6068e5d52c5e294e (org.apache.kafka.common.utils.AppInfoParser)
[36mconnect            |[0m [2020-09-14 10:04:51,498] INFO Kafka startTimeMs: 1600077891498 (org.apache.kafka.common.utils.AppInfoParser)
[36mconnect            |[0m [2020-09-14 10:04:51,506] INFO interceptor=confluent.monitoring.interceptor.connector-consumer-mongos_45-0 created for client_id=connector-consumer-mongos_45-0 client_type=CONSUMER session= cluster=JvSf76vYTmOXYk63vhP9AA group=connect-mongos_45 (io.confluent.monitoring.clients.interceptor.MonitoringInterceptor)
[36mconnect            |[0m [2020-09-14 10:04:51,526] INFO [Producer clientId=confluent.monitoring.interceptor.connector-consumer-mongos_45-0] Cluster ID: JvSf76vYTmOXYk63vhP9AA (org.apache.kafka.clients.Metadata)
[36mconnect            |[0m [2020-09-14 10:04:51,576] INFO Cluster created with settings {hosts=[127.0.0.1:27017], srvHost=kafka.oa4fi.mongodb.net, mode=MULTIPLE, requiredClusterType=UNKNOWN, serverSelectionTimeout='30000 ms', maxWaitQueueSize=500} (org.mongodb.driver.cluster)
[36mconnect            |[0m [2020-09-14 10:04:51,577] INFO Cluster description not yet available. Waiting for 30000 ms before timing out (org.mongodb.driver.cluster)
[36mconnect            |[0m [2020-09-14 10:04:51,581] INFO Adding discovered server kafka-shard-00-02.oa4fi.mongodb.net:27016 to client view of cluster (org.mongodb.driver.cluster)
[36mconnect            |[0m [2020-09-14 10:04:51,584] INFO Adding discovered server kafka-shard-01-02.oa4fi.mongodb.net:27016 to client view of cluster (org.mongodb.driver.cluster)
[36mconnect            |[0m [2020-09-14 10:04:51,584] INFO Adding discovered server kafka-shard-01-01.oa4fi.mongodb.net:27016 to client view of cluster (org.mongodb.driver.cluster)
[36mconnect            |[0m [2020-09-14 10:04:51,585] INFO Adding discovered server kafka-shard-01-00.oa4fi.mongodb.net:27016 to client view of cluster (org.mongodb.driver.cluster)
[36mconnect            |[0m [2020-09-14 10:04:51,586] INFO Adding discovered server kafka-shard-00-01.oa4fi.mongodb.net:27016 to client view of cluster (org.mongodb.driver.cluster)
[36mconnect            |[0m [2020-09-14 10:04:51,587] INFO Adding discovered server kafka-shard-00-00.oa4fi.mongodb.net:27016 to client view of cluster (org.mongodb.driver.cluster)
[36mconnect            |[0m [2020-09-14 10:04:51,789] INFO Opened connection [connectionId{localValue:424, serverValue:37185}] to kafka-shard-01-02.oa4fi.mongodb.net:27016 (org.mongodb.driver.connection)
[36mconnect            |[0m [2020-09-14 10:04:51,795] INFO Opened connection [connectionId{localValue:428, serverValue:40368}] to kafka-shard-00-00.oa4fi.mongodb.net:27016 (org.mongodb.driver.connection)
[36mconnect            |[0m [2020-09-14 10:04:51,797] INFO Opened connection [connectionId{localValue:426, serverValue:38611}] to kafka-shard-01-01.oa4fi.mongodb.net:27016 (org.mongodb.driver.connection)
[36mconnect            |[0m [2020-09-14 10:04:51,800] INFO Opened connection [connectionId{localValue:423, serverValue:38583}] to kafka-shard-00-02.oa4fi.mongodb.net:27016 (org.mongodb.driver.connection)
[36mconnect            |[0m [2020-09-14 10:04:51,802] INFO Opened connection [connectionId{localValue:425, serverValue:38629}] to kafka-shard-01-00.oa4fi.mongodb.net:27016 (org.mongodb.driver.connection)
[36mconnect            |[0m [2020-09-14 10:04:51,805] INFO Opened connection [connectionId{localValue:427, serverValue:37274}] to kafka-shard-00-01.oa4fi.mongodb.net:27016 (org.mongodb.driver.connection)
[36mconnect            |[0m [2020-09-14 10:04:51,827] INFO Monitor thread successfully connected to server with description ServerDescription{address=kafka-shard-01-02.oa4fi.mongodb.net:27016, type=SHARD_ROUTER, state=CONNECTED, ok=true, version=ServerVersion{versionList=[4, 2, 9]}, minWireVersion=0, maxWireVersion=8, maxDocumentSize=16777216, logicalSessionTimeoutMinutes=30, roundTripTimeNanos=38443237} (org.mongodb.driver.cluster)
[36mconnect            |[0m [2020-09-14 10:04:51,828] INFO Discovered cluster type of SHARDED (org.mongodb.driver.cluster)
[36mconnect            |[0m [2020-09-14 10:04:51,833] INFO Monitor thread successfully connected to server with description ServerDescription{address=kafka-shard-00-00.oa4fi.mongodb.net:27016, type=SHARD_ROUTER, state=CONNECTED, ok=true, version=ServerVersion{versionList=[4, 2, 9]}, minWireVersion=0, maxWireVersion=8, maxDocumentSize=16777216, logicalSessionTimeoutMinutes=30, roundTripTimeNanos=37621277} (org.mongodb.driver.cluster)
[36mconnect            |[0m [2020-09-14 10:04:51,834] INFO Monitor thread successfully connected to server with description ServerDescription{address=kafka-shard-01-01.oa4fi.mongodb.net:27016, type=SHARD_ROUTER, state=CONNECTED, ok=true, version=ServerVersion{versionList=[4, 2, 9]}, minWireVersion=0, maxWireVersion=8, maxDocumentSize=16777216, logicalSessionTimeoutMinutes=30, roundTripTimeNanos=37000053} (org.mongodb.driver.cluster)
[36mconnect            |[0m [2020-09-14 10:04:51,838] INFO Monitor thread successfully connected to server with description ServerDescription{address=kafka-shard-00-02.oa4fi.mongodb.net:27016, type=SHARD_ROUTER, state=CONNECTED, ok=true, version=ServerVersion{versionList=[4, 2, 9]}, minWireVersion=0, maxWireVersion=8, maxDocumentSize=16777216, logicalSessionTimeoutMinutes=30, roundTripTimeNanos=37791457} (org.mongodb.driver.cluster)
[36mconnect            |[0m [2020-09-14 10:04:51,840] INFO Monitor thread successfully connected to server with description ServerDescription{address=kafka-shard-01-00.oa4fi.mongodb.net:27016, type=SHARD_ROUTER, state=CONNECTED, ok=true, version=ServerVersion{versionList=[4, 2, 9]}, minWireVersion=0, maxWireVersion=8, maxDocumentSize=16777216, logicalSessionTimeoutMinutes=30, roundTripTimeNanos=37648325} (org.mongodb.driver.cluster)
[36mconnect            |[0m [2020-09-14 10:04:51,844] INFO Monitor thread successfully connected to server with description ServerDescription{address=kafka-shard-00-01.oa4fi.mongodb.net:27016, type=SHARD_ROUTER, state=CONNECTED, ok=true, version=ServerVersion{versionList=[4, 2, 9]}, minWireVersion=0, maxWireVersion=8, maxDocumentSize=16777216, logicalSessionTimeoutMinutes=30, roundTripTimeNanos=38828986} (org.mongodb.driver.cluster)
[36mconnect            |[0m [2020-09-14 10:04:52,118] INFO Opened connection [connectionId{localValue:429, serverValue:37186}] to kafka-shard-01-02.oa4fi.mongodb.net:27016 (org.mongodb.driver.connection)
[36mconnect            |[0m [2020-09-14 10:04:52,159] ERROR Mongodb bulk write (partially) failed (com.mongodb.kafka.connect.sink.MongoSinkTask)
[36mconnect            |[0m [2020-09-14 10:04:52,159] ERROR WriteResult: AcknowledgedBulkWriteResult{insertedCount=0, matchedCount=0, removedCount=0, modifiedCount=0, upserts=[]} (com.mongodb.kafka.connect.sink.MongoSinkTask)
[36mconnect            |[0m [2020-09-14 10:04:52,159] ERROR WriteErrors: [BulkWriteError{index=0, code=61, message='Failed to target upsert by query :: could not extract exact shard key', details={}}] (com.mongodb.kafka.connect.sink.MongoSinkTask)
[36mconnect            |[0m [2020-09-14 10:04:52,159] ERROR WriteConcernError: null (com.mongodb.kafka.connect.sink.MongoSinkTask)
[36mconnect            |[0m [2020-09-14 10:04:52,159] ERROR WorkerSinkTask{id=mongos_45-0} RetriableException from SinkTask: (org.apache.kafka.connect.runtime.WorkerSinkTask)
[36mconnect            |[0m [2020-09-14 10:04:52,404] INFO [Worker clientId=connect-1, groupId=compose-connect-group] Tasks [mongos_45-0] configs updated (org.apache.kafka.connect.runtime.distributed.DistributedHerder)
[36mconnect            |[0m [2020-09-14 10:04:52,906] INFO [Worker clientId=connect-1, groupId=compose-connect-group] Finished starting connectors and tasks (org.apache.kafka.connect.runtime.distributed.DistributedHerder)
[36mconnect            |[0m [2020-09-14 10:04:52,906] INFO [Worker clientId=connect-1, groupId=compose-connect-group] Handling task config update by restarting tasks [mongos_45-0] (org.apache.kafka.connect.runtime.distributed.DistributedHerder)
[36mconnect            |[0m [2020-09-14 10:04:52,906] INFO Stopping task mongos_45-0 (org.apache.kafka.connect.runtime.Worker)
[36mconnect            |[0m [2020-09-14 10:04:52,907] INFO Stopping MongoDB sink task (com.mongodb.kafka.connect.sink.MongoSinkTask)
[36mconnect            |[0m [2020-09-14 10:04:53,166] INFO Opened connection [connectionId{localValue:430, serverValue:38584}] to kafka-shard-00-02.oa4fi.mongodb.net:27016 (org.mongodb.driver.connection)
[36mconnect            |[0m [2020-09-14 10:04:53,203] INFO Closed connection [connectionId{localValue:430, serverValue:38584}] to kafka-shard-00-02.oa4fi.mongodb.net:27016 because the pool has been closed. (org.mongodb.driver.connection)
[36mconnect            |[0m [2020-09-14 10:04:53,203] INFO Closed connection [connectionId{localValue:429, serverValue:37186}] to kafka-shard-01-02.oa4fi.mongodb.net:27016 because the pool has been closed. (org.mongodb.driver.connection)
[36mconnect            |[0m [2020-09-14 10:04:53,204] INFO [Consumer clientId=connector-consumer-mongos_45-0, groupId=connect-mongos_45] Revoke previously assigned partitions kafka1.kafka.foo-0 (org.apache.kafka.clients.consumer.internals.ConsumerCoordinator)
[36mconnect            |[0m [2020-09-14 10:04:53,204] INFO [Consumer clientId=connector-consumer-mongos_45-0, groupId=connect-mongos_45] Member connector-consumer-mongos_45-0-909c343c-48c7-4b2b-a6fc-bef000932368 sending LeaveGroup request to coordinator broker:29092 (id: 2147483646 rack: null) due to the consumer is being closed (org.apache.kafka.clients.consumer.internals.AbstractCoordinator)
[36mconnect            |[0m [2020-09-14 10:04:53,207] INFO Publish thread interrupted for client_id=connector-consumer-mongos_45-0 client_type=CONSUMER session= cluster=JvSf76vYTmOXYk63vhP9AA group=connect-mongos_45 (io.confluent.monitoring.clients.interceptor.MonitoringInterceptor)
[36mconnect            |[0m [2020-09-14 10:04:53,209] INFO Publishing Monitoring Metrics stopped for client_id=connector-consumer-mongos_45-0 client_type=CONSUMER session= cluster=JvSf76vYTmOXYk63vhP9AA group=connect-mongos_45 (io.confluent.monitoring.clients.interceptor.MonitoringInterceptor)
[36mconnect            |[0m [2020-09-14 10:04:53,210] INFO [Producer clientId=confluent.monitoring.interceptor.connector-consumer-mongos_45-0] Closing the Kafka producer with timeoutMillis = 9223372036854775807 ms. (org.apache.kafka.clients.producer.KafkaProducer)
[36mconnect            |[0m [2020-09-14 10:04:53,213] INFO Closed monitoring interceptor for client_id=connector-consumer-mongos_45-0 client_type=CONSUMER session= cluster=JvSf76vYTmOXYk63vhP9AA group=connect-mongos_45 (io.confluent.monitoring.clients.interceptor.MonitoringInterceptor)
[36mconnect            |[0m [2020-09-14 10:04:53,214] INFO [Worker clientId=connect-1, groupId=compose-connect-group] Rebalance started (org.apache.kafka.connect.runtime.distributed.WorkerCoordinator)
[36mconnect            |[0m [2020-09-14 10:04:53,215] INFO [Worker clientId=connect-1, groupId=compose-connect-group] (Re-)joining group (org.apache.kafka.clients.consumer.internals.AbstractCoordinator)
[36mconnect            |[0m [2020-09-14 10:04:53,218] INFO [Worker clientId=connect-1, groupId=compose-connect-group] Successfully joined group with generation 34 (org.apache.kafka.clients.consumer.internals.AbstractCoordinator)
[36mconnect            |[0m [2020-09-14 10:04:53,218] INFO [Worker clientId=connect-1, groupId=compose-connect-group] Joined group at generation 34 with protocol version 2 and got assignment: Assignment{error=0, leader='connect-1-2e0b2ec4-b7bb-4bb5-91e1-1149bb91de40', leaderUrl='http://connect:8083/', offset=46, connectorIds=[mongos_45, mongos_35, mongos_3, source_kafka], taskIds=[mongos_45-0, mongos_35-0, mongos_3-0, source_kafka-0], revokedConnectorIds=[], revokedTaskIds=[], delay=0} with rebalance delay: 0 (org.apache.kafka.connect.runtime.distributed.DistributedHerder)
[36mconnect            |[0m [2020-09-14 10:04:53,218] INFO [Worker clientId=connect-1, groupId=compose-connect-group] Starting connectors and tasks using config offset 46 (org.apache.kafka.connect.runtime.distributed.DistributedHerder)
[36mconnect            |[0m [2020-09-14 10:04:53,218] INFO [Worker clientId=connect-1, groupId=compose-connect-group] Starting task mongos_45-0 (org.apache.kafka.connect.runtime.distributed.DistributedHerder)
[36mconnect            |[0m [2020-09-14 10:04:53,218] INFO Creating task mongos_45-0 (org.apache.kafka.connect.runtime.Worker)
[36mconnect            |[0m [2020-09-14 10:04:53,219] INFO ConnectorConfig values: 
[36mconnect            |[0m [2020-09-14 10:04:53,219] INFO EnrichedConnectorConfig values: 
[36mconnect            |[0m [2020-09-14 10:04:53,219] INFO TaskConfig values: 
[36mconnect            |[0m [2020-09-14 10:04:53,219] INFO Instantiated task mongos_45-0 with version 1.2.0 of type com.mongodb.kafka.connect.sink.MongoSinkTask (org.apache.kafka.connect.runtime.Worker)
[36mconnect            |[0m [2020-09-14 10:04:53,220] INFO StringConverterConfig values: 
[36mconnect            |[0m [2020-09-14 10:04:53,220] INFO Set up the key converter class org.apache.kafka.connect.storage.StringConverter for task mongos_45-0 using the worker config (org.apache.kafka.connect.runtime.Worker)
[36mconnect            |[0m [2020-09-14 10:04:53,220] INFO AvroConverterConfig values: 
[36mconnect            |[0m [2020-09-14 10:04:53,220] INFO KafkaAvroSerializerConfig values: 
[36mconnect            |[0m [2020-09-14 10:04:53,220] INFO KafkaAvroDeserializerConfig values: 
[36mconnect            |[0m [2020-09-14 10:04:53,220] INFO AvroDataConfig values: 
[36mconnect            |[0m [2020-09-14 10:04:53,220] INFO Set up the value converter class io.confluent.connect.avro.AvroConverter for task mongos_45-0 using the worker config (org.apache.kafka.connect.runtime.Worker)
[36mconnect            |[0m [2020-09-14 10:04:53,220] INFO Set up the header converter class org.apache.kafka.connect.storage.SimpleHeaderConverter for task mongos_45-0 using the worker config (org.apache.kafka.connect.runtime.Worker)
[36mconnect            |[0m [2020-09-14 10:04:53,221] INFO Initializing: org.apache.kafka.connect.runtime.TransformationChain{} (org.apache.kafka.connect.runtime.Worker)
[36mconnect            |[0m [2020-09-14 10:04:53,221] INFO SinkConnectorConfig values: 
[36mconnect            |[0m [2020-09-14 10:04:53,221] INFO EnrichedConnectorConfig values: 
[36mconnect            |[0m [2020-09-14 10:04:53,221] INFO ConsumerConfig values: 
[36mconnect            |[0m [2020-09-14 10:04:53,223] INFO Kafka version: 5.5.0-ce (org.apache.kafka.common.utils.AppInfoParser)
[36mconnect            |[0m [2020-09-14 10:04:53,223] INFO Kafka commitId: 6068e5d52c5e294e (org.apache.kafka.common.utils.AppInfoParser)
[36mconnect            |[0m [2020-09-14 10:04:53,223] INFO Kafka startTimeMs: 1600077893223 (org.apache.kafka.common.utils.AppInfoParser)
[36mconnect            |[0m [2020-09-14 10:04:53,224] INFO [Worker clientId=connect-1, groupId=compose-connect-group] Finished starting connectors and tasks (org.apache.kafka.connect.runtime.distributed.DistributedHerder)
[36mconnect            |[0m [2020-09-14 10:04:53,226] INFO [Consumer clientId=connector-consumer-mongos_45-0, groupId=connect-mongos_45] Subscribed to topic(s): kafka1.kafka.foo (org.apache.kafka.clients.consumer.KafkaConsumer)
[36mconnect            |[0m [2020-09-14 10:04:53,227] INFO Starting MongoDB sink task (com.mongodb.kafka.connect.sink.MongoSinkTask)
[36mconnect            |[0m [2020-09-14 10:04:53,235] INFO MongoSinkTopicConfig values: 
[36mconnect            |[0m [2020-09-14 10:04:53,235] INFO WorkerSinkTask{id=mongos_45-0} Sink task finished initialization and start (org.apache.kafka.connect.runtime.WorkerSinkTask)
[36mconnect            |[0m [2020-09-14 10:04:53,238] INFO [Consumer clientId=connector-consumer-mongos_45-0, groupId=connect-mongos_45] Cluster ID: JvSf76vYTmOXYk63vhP9AA (org.apache.kafka.clients.Metadata)
[36mconnect            |[0m [2020-09-14 10:04:53,238] INFO [Consumer clientId=connector-consumer-mongos_45-0, groupId=connect-mongos_45] Discovered group coordinator broker:29092 (id: 2147483646 rack: null) (org.apache.kafka.clients.consumer.internals.AbstractCoordinator)
[36mconnect            |[0m [2020-09-14 10:04:53,239] INFO [Consumer clientId=connector-consumer-mongos_45-0, groupId=connect-mongos_45] (Re-)joining group (org.apache.kafka.clients.consumer.internals.AbstractCoordinator)
[36mconnect            |[0m [2020-09-14 10:04:53,241] INFO [Consumer clientId=connector-consumer-mongos_45-0, groupId=connect-mongos_45] Join group failed with org.apache.kafka.common.errors.MemberIdRequiredException: The group member needs to have a valid member id before actually entering a consumer group (org.apache.kafka.clients.consumer.internals.AbstractCoordinator)
[36mconnect            |[0m [2020-09-14 10:04:53,241] INFO [Consumer clientId=connector-consumer-mongos_45-0, groupId=connect-mongos_45] (Re-)joining group (org.apache.kafka.clients.consumer.internals.AbstractCoordinator)
[36mconnect            |[0m [2020-09-14 10:04:53,243] INFO [Consumer clientId=connector-consumer-mongos_45-0, groupId=connect-mongos_45] Finished assignment for group at generation 3: {connector-consumer-mongos_45-0-8a551321-6451-4b36-9692-d7ff5489f233=Assignment(partitions=[kafka1.kafka.foo-0])} (org.apache.kafka.clients.consumer.internals.ConsumerCoordinator)
[36mconnect            |[0m [2020-09-14 10:04:53,244] INFO [Consumer clientId=connector-consumer-mongos_45-0, groupId=connect-mongos_45] Successfully joined group with generation 3 (org.apache.kafka.clients.consumer.internals.AbstractCoordinator)
[36mconnect            |[0m [2020-09-14 10:04:53,248] INFO [Consumer clientId=connector-consumer-mongos_45-0, groupId=connect-mongos_45] Adding newly assigned partitions: kafka1.kafka.foo-0 (org.apache.kafka.clients.consumer.internals.ConsumerCoordinator)
[36mconnect            |[0m [2020-09-14 10:04:53,249] INFO [Consumer clientId=connector-consumer-mongos_45-0, groupId=connect-mongos_45] Found no committed offset for partition kafka1.kafka.foo-0 (org.apache.kafka.clients.consumer.internals.ConsumerCoordinator)
[36mconnect            |[0m [2020-09-14 10:04:53,251] INFO [Consumer clientId=connector-consumer-mongos_45-0, groupId=connect-mongos_45] Resetting offset for partition kafka1.kafka.foo-0 to offset 0. (org.apache.kafka.clients.consumer.internals.SubscriptionState)
[36mconnect            |[0m [2020-09-14 10:04:53,252] INFO creating interceptor (io.confluent.monitoring.clients.interceptor.MonitoringConsumerInterceptor)
[36mconnect            |[0m [2020-09-14 10:04:53,253] INFO MonitoringInterceptorConfig values: 
[36mconnect            |[0m [2020-09-14 10:04:53,253] INFO ProducerConfig values: 
[36mconnect            |[0m [2020-09-14 10:04:53,255] INFO Kafka version: 5.5.0-ce (org.apache.kafka.common.utils.AppInfoParser)
[36mconnect            |[0m [2020-09-14 10:04:53,255] INFO Kafka commitId: 6068e5d52c5e294e (org.apache.kafka.common.utils.AppInfoParser)
[36mconnect            |[0m [2020-09-14 10:04:53,255] INFO Kafka startTimeMs: 1600077893255 (org.apache.kafka.common.utils.AppInfoParser)
[36mconnect            |[0m [2020-09-14 10:04:53,256] INFO interceptor=confluent.monitoring.interceptor.connector-consumer-mongos_45-0 created for client_id=connector-consumer-mongos_45-0 client_type=CONSUMER session= cluster=JvSf76vYTmOXYk63vhP9AA group=connect-mongos_45 (io.confluent.monitoring.clients.interceptor.MonitoringInterceptor)
[36mconnect            |[0m [2020-09-14 10:04:53,260] INFO [Producer clientId=confluent.monitoring.interceptor.connector-consumer-mongos_45-0] Cluster ID: JvSf76vYTmOXYk63vhP9AA (org.apache.kafka.clients.Metadata)
[36mconnect            |[0m [2020-09-14 10:04:53,266] INFO Cluster created with settings {hosts=[127.0.0.1:27017], srvHost=kafka.oa4fi.mongodb.net, mode=MULTIPLE, requiredClusterType=UNKNOWN, serverSelectionTimeout='30000 ms', maxWaitQueueSize=500} (org.mongodb.driver.cluster)
[36mconnect            |[0m [2020-09-14 10:04:53,267] INFO Cluster description not yet available. Waiting for 30000 ms before timing out (org.mongodb.driver.cluster)
[36mconnect            |[0m [2020-09-14 10:04:53,270] INFO Adding discovered server kafka-shard-00-02.oa4fi.mongodb.net:27016 to client view of cluster (org.mongodb.driver.cluster)
[36mconnect            |[0m [2020-09-14 10:04:53,270] INFO Adding discovered server kafka-shard-01-02.oa4fi.mongodb.net:27016 to client view of cluster (org.mongodb.driver.cluster)
[36mconnect            |[0m [2020-09-14 10:04:53,275] INFO Adding discovered server kafka-shard-01-01.oa4fi.mongodb.net:27016 to client view of cluster (org.mongodb.driver.cluster)
[36mconnect            |[0m [2020-09-14 10:04:53,275] INFO Adding discovered server kafka-shard-01-00.oa4fi.mongodb.net:27016 to client view of cluster (org.mongodb.driver.cluster)
[36mconnect            |[0m [2020-09-14 10:04:53,276] INFO Adding discovered server kafka-shard-00-01.oa4fi.mongodb.net:27016 to client view of cluster (org.mongodb.driver.cluster)
[36mconnect            |[0m [2020-09-14 10:04:53,277] INFO Adding discovered server kafka-shard-00-00.oa4fi.mongodb.net:27016 to client view of cluster (org.mongodb.driver.cluster)
[36mconnect            |[0m [2020-09-14 10:04:53,481] INFO Opened connection [connectionId{localValue:431, serverValue:38585}] to kafka-shard-00-02.oa4fi.mongodb.net:27016 (org.mongodb.driver.connection)
[36mconnect            |[0m [2020-09-14 10:04:53,481] INFO Opened connection [connectionId{localValue:432, serverValue:37187}] to kafka-shard-01-02.oa4fi.mongodb.net:27016 (org.mongodb.driver.connection)
[36mconnect            |[0m [2020-09-14 10:04:53,481] INFO Opened connection [connectionId{localValue:434, serverValue:38630}] to kafka-shard-01-00.oa4fi.mongodb.net:27016 (org.mongodb.driver.connection)
[36mconnect            |[0m [2020-09-14 10:04:53,483] INFO Opened connection [connectionId{localValue:433, serverValue:38612}] to kafka-shard-01-01.oa4fi.mongodb.net:27016 (org.mongodb.driver.connection)
[36mconnect            |[0m [2020-09-14 10:04:53,487] INFO Opened connection [connectionId{localValue:435, serverValue:37279}] to kafka-shard-00-01.oa4fi.mongodb.net:27016 (org.mongodb.driver.connection)
[36mconnect            |[0m [2020-09-14 10:04:53,489] INFO Opened connection [connectionId{localValue:436, serverValue:40373}] to kafka-shard-00-00.oa4fi.mongodb.net:27016 (org.mongodb.driver.connection)
[36mconnect            |[0m [2020-09-14 10:04:53,520] INFO Monitor thread successfully connected to server with description ServerDescription{address=kafka-shard-00-02.oa4fi.mongodb.net:27016, type=SHARD_ROUTER, state=CONNECTED, ok=true, version=ServerVersion{versionList=[4, 2, 9]}, minWireVersion=0, maxWireVersion=8, maxDocumentSize=16777216, logicalSessionTimeoutMinutes=30, roundTripTimeNanos=38133906} (org.mongodb.driver.cluster)
[36mconnect            |[0m [2020-09-14 10:04:53,520] INFO Monitor thread successfully connected to server with description ServerDescription{address=kafka-shard-01-00.oa4fi.mongodb.net:27016, type=SHARD_ROUTER, state=CONNECTED, ok=true, version=ServerVersion{versionList=[4, 2, 9]}, minWireVersion=0, maxWireVersion=8, maxDocumentSize=16777216, logicalSessionTimeoutMinutes=30, roundTripTimeNanos=37449311} (org.mongodb.driver.cluster)
[36mconnect            |[0m [2020-09-14 10:04:53,520] INFO Monitor thread successfully connected to server with description ServerDescription{address=kafka-shard-01-02.oa4fi.mongodb.net:27016, type=SHARD_ROUTER, state=CONNECTED, ok=true, version=ServerVersion{versionList=[4, 2, 9]}, minWireVersion=0, maxWireVersion=8, maxDocumentSize=16777216, logicalSessionTimeoutMinutes=30, roundTripTimeNanos=38126124} (org.mongodb.driver.cluster)
[36mconnect            |[0m [2020-09-14 10:04:53,520] INFO Discovered cluster type of SHARDED (org.mongodb.driver.cluster)
[36mconnect            |[0m [2020-09-14 10:04:53,521] INFO Monitor thread successfully connected to server with description ServerDescription{address=kafka-shard-01-01.oa4fi.mongodb.net:27016, type=SHARD_ROUTER, state=CONNECTED, ok=true, version=ServerVersion{versionList=[4, 2, 9]}, minWireVersion=0, maxWireVersion=8, maxDocumentSize=16777216, logicalSessionTimeoutMinutes=30, roundTripTimeNanos=37942899} (org.mongodb.driver.cluster)
[36mconnect            |[0m [2020-09-14 10:04:53,528] INFO Monitor thread successfully connected to server with description ServerDescription{address=kafka-shard-00-01.oa4fi.mongodb.net:27016, type=SHARD_ROUTER, state=CONNECTED, ok=true, version=ServerVersion{versionList=[4, 2, 9]}, minWireVersion=0, maxWireVersion=8, maxDocumentSize=16777216, logicalSessionTimeoutMinutes=30, roundTripTimeNanos=40965367} (org.mongodb.driver.cluster)
[36mconnect            |[0m [2020-09-14 10:04:53,528] INFO Monitor thread successfully connected to server with description ServerDescription{address=kafka-shard-00-00.oa4fi.mongodb.net:27016, type=SHARD_ROUTER, state=CONNECTED, ok=true, version=ServerVersion{versionList=[4, 2, 9]}, minWireVersion=0, maxWireVersion=8, maxDocumentSize=16777216, logicalSessionTimeoutMinutes=30, roundTripTimeNanos=39220516} (org.mongodb.driver.cluster)
[36mconnect            |[0m [2020-09-14 10:04:53,802] INFO Opened connection [connectionId{localValue:437, serverValue:38631}] to kafka-shard-01-00.oa4fi.mongodb.net:27016 (org.mongodb.driver.connection)
[36mconnect            |[0m [2020-09-14 10:04:53,844] ERROR Mongodb bulk write (partially) failed (com.mongodb.kafka.connect.sink.MongoSinkTask)
[36mconnect            |[0m [2020-09-14 10:04:53,844] ERROR WriteResult: AcknowledgedBulkWriteResult{insertedCount=0, matchedCount=0, removedCount=0, modifiedCount=0, upserts=[]} (com.mongodb.kafka.connect.sink.MongoSinkTask)
[36mconnect            |[0m [2020-09-14 10:04:53,844] ERROR WriteErrors: [BulkWriteError{index=0, code=61, message='Failed to target upsert by query :: could not extract exact shard key', details={}}] (com.mongodb.kafka.connect.sink.MongoSinkTask)
[36mconnect            |[0m [2020-09-14 10:04:53,844] ERROR WriteConcernError: null (com.mongodb.kafka.connect.sink.MongoSinkTask)
[36mconnect            |[0m [2020-09-14 10:04:53,844] ERROR WorkerSinkTask{id=mongos_45-0} RetriableException from SinkTask: (org.apache.kafka.connect.runtime.WorkerSinkTask)
[36mconnect            |[0m [2020-09-14 10:04:59,116] INFO Opened connection [connectionId{localValue:438, serverValue:38586}] to kafka-shard-00-02.oa4fi.mongodb.net:27016 (org.mongodb.driver.connection)
[36mconnect            |[0m [2020-09-14 10:04:59,157] ERROR Mongodb bulk write (partially) failed (com.mongodb.kafka.connect.sink.MongoSinkTask)
[36mconnect            |[0m [2020-09-14 10:04:59,157] ERROR WriteResult: AcknowledgedBulkWriteResult{insertedCount=0, matchedCount=0, removedCount=0, modifiedCount=0, upserts=[]} (com.mongodb.kafka.connect.sink.MongoSinkTask)
[36mconnect            |[0m [2020-09-14 10:04:59,157] ERROR WriteErrors: [BulkWriteError{index=0, code=61, message='Failed to target upsert by query :: could not extract exact shard key', details={}}] (com.mongodb.kafka.connect.sink.MongoSinkTask)
[36mconnect            |[0m [2020-09-14 10:04:59,157] ERROR WriteConcernError: null (com.mongodb.kafka.connect.sink.MongoSinkTask)
[36mconnect            |[0m [2020-09-14 10:04:59,157] ERROR WorkerSinkTask{id=mongos_45-0} RetriableException from SinkTask: (org.apache.kafka.connect.runtime.WorkerSinkTask)
[36mconnect            |[0m [2020-09-14 10:04:59,201] INFO WorkerSourceTask{id=source_kafka-0} Committing offsets (org.apache.kafka.connect.runtime.WorkerSourceTask)
[36mconnect            |[0m [2020-09-14 10:04:59,201] INFO WorkerSourceTask{id=source_kafka-0} flushing 0 outstanding messages for offset commit (org.apache.kafka.connect.runtime.WorkerSourceTask)
[36mconnect            |[0m [2020-09-14 10:05:03,266] ERROR Mongodb bulk write (partially) failed (com.mongodb.kafka.connect.sink.MongoSinkTask)
[36mconnect            |[0m [2020-09-14 10:05:03,267] ERROR WriteResult: AcknowledgedBulkWriteResult{insertedCount=0, matchedCount=0, removedCount=0, modifiedCount=0, upserts=[]} (com.mongodb.kafka.connect.sink.MongoSinkTask)
[36mconnect            |[0m [2020-09-14 10:05:03,267] ERROR WriteErrors: [BulkWriteError{index=0, code=61, message='Failed to target upsert by query :: could not extract exact shard key', details={}}] (com.mongodb.kafka.connect.sink.MongoSinkTask)
[36mconnect            |[0m [2020-09-14 10:05:03,267] ERROR WriteConcernError: null (com.mongodb.kafka.connect.sink.MongoSinkTask)
[36mconnect            |[0m [2020-09-14 10:05:03,267] ERROR WorkerSinkTask{id=mongos_45-0} Task threw an uncaught and unrecoverable exception. Task is being killed and will not recover until manually restarted. Error: Failed to write mongodb documents despite retrying (org.apache.kafka.connect.runtime.WorkerSinkTask)
[36mconnect            |[0m [2020-09-14 10:05:03,267] ERROR WorkerSinkTask{id=mongos_45-0} Task threw an uncaught and unrecoverable exception (org.apache.kafka.connect.runtime.WorkerTask)
[36mconnect            |[0m [2020-09-14 10:05:03,267] ERROR WorkerSinkTask{id=mongos_45-0} Task is being killed and will not recover until manually restarted (org.apache.kafka.connect.runtime.WorkerTask)
[36mconnect            |[0m [2020-09-14 10:05:03,267] INFO Stopping MongoDB sink task (com.mongodb.kafka.connect.sink.MongoSinkTask)
[36mconnect            |[0m [2020-09-14 10:05:03,306] INFO Closed connection [connectionId{localValue:438, serverValue:38586}] to kafka-shard-00-02.oa4fi.mongodb.net:27016 because the pool has been closed. (org.mongodb.driver.connection)
[36mconnect            |[0m [2020-09-14 10:05:03,306] INFO Closed connection [connectionId{localValue:437, serverValue:38631}] to kafka-shard-01-00.oa4fi.mongodb.net:27016 because the pool has been closed. (org.mongodb.driver.connection)
[36mconnect            |[0m [2020-09-14 10:05:03,307] INFO [Consumer clientId=connector-consumer-mongos_45-0, groupId=connect-mongos_45] Revoke previously assigned partitions kafka1.kafka.foo-0 (org.apache.kafka.clients.consumer.internals.ConsumerCoordinator)
[36mconnect            |[0m [2020-09-14 10:05:03,307] INFO [Consumer clientId=connector-consumer-mongos_45-0, groupId=connect-mongos_45] Member connector-consumer-mongos_45-0-8a551321-6451-4b36-9692-d7ff5489f233 sending LeaveGroup request to coordinator broker:29092 (id: 2147483646 rack: null) due to the consumer is being closed (org.apache.kafka.clients.consumer.internals.AbstractCoordinator)
[36mconnect            |[0m [2020-09-14 10:05:03,308] INFO Publish thread interrupted for client_id=connector-consumer-mongos_45-0 client_type=CONSUMER session= cluster=JvSf76vYTmOXYk63vhP9AA group=connect-mongos_45 (io.confluent.monitoring.clients.interceptor.MonitoringInterceptor)
[36mconnect            |[0m [2020-09-14 10:05:03,313] INFO Publishing Monitoring Metrics stopped for client_id=connector-consumer-mongos_45-0 client_type=CONSUMER session= cluster=JvSf76vYTmOXYk63vhP9AA group=connect-mongos_45 (io.confluent.monitoring.clients.interceptor.MonitoringInterceptor)
[36mconnect            |[0m [2020-09-14 10:05:03,313] INFO [Producer clientId=confluent.monitoring.interceptor.connector-consumer-mongos_45-0] Closing the Kafka producer with timeoutMillis = 9223372036854775807 ms. (org.apache.kafka.clients.producer.KafkaProducer)
[36mconnect            |[0m [2020-09-14 10:05:03,316] INFO Closed monitoring interceptor for client_id=connector-consumer-mongos_45-0 client_type=CONSUMER session= cluster=JvSf76vYTmOXYk63vhP9AA group=connect-mongos_45 (io.confluent.monitoring.clients.interceptor.MonitoringInterceptor)
[36mconnect            |[0m [2020-09-14 10:05:09,202] INFO WorkerSourceTask{id=source_kafka-0} Committing offsets (org.apache.kafka.connect.runtime.WorkerSourceTask)
[36mconnect            |[0m [2020-09-14 10:05:09,202] INFO WorkerSourceTask{id=source_kafka-0} flushing 0 outstanding messages for offset commit (org.apache.kafka.connect.runtime.WorkerSourceTask)
[36mconnect            |[0m [2020-09-14 10:05:19,206] INFO WorkerSourceTask{id=source_kafka-0} Committing offsets (org.apache.kafka.connect.runtime.WorkerSourceTask)
[36mconnect            |[0m [2020-09-14 10:05:19,206] INFO WorkerSourceTask{id=source_kafka-0} flushing 0 outstanding messages for offset commit (org.apache.kafka.connect.runtime.WorkerSourceTask)
[36mconnect            |[0m [2020-09-14 10:05:29,207] INFO WorkerSourceTask{id=source_kafka-0} Committing offsets (org.apache.kafka.connect.runtime.WorkerSourceTask)
[36mconnect            |[0m [2020-09-14 10:05:29,208] INFO WorkerSourceTask{id=source_kafka-0} flushing 0 outstanding messages for offset commit (org.apache.kafka.connect.runtime.WorkerSourceTask)
[36mconnect            |[0m [2020-09-14 10:05:39,212] INFO WorkerSourceTask{id=source_kafka-0} Committing offsets (org.apache.kafka.connect.runtime.WorkerSourceTask)
[36mconnect            |[0m [2020-09-14 10:05:39,212] INFO WorkerSourceTask{id=source_kafka-0} flushing 0 outstanding messages for offset commit (org.apache.kafka.connect.runtime.WorkerSourceTask)
[36mconnect            |[0m [2020-09-14 10:05:40,161] INFO [Worker clientId=connect-1, groupId=compose-connect-group] Session key updated (org.apache.kafka.connect.runtime.distributed.DistributedHerder)
